                      :-) GROMACS - gmx mdrun, 2024.3 (-:

Copyright 1991-2024 The GROMACS Authors.
GROMACS is free software; you can redistribute it and/or modify it
under the terms of the GNU Lesser General Public License
as published by the Free Software Foundation; either version 2.1
of the License, or (at your option) any later version.

                         Current GROMACS contributors:
       Mark Abraham           Andrey Alekseenko           Vladimir Basov      
      Cathrine Bergh            Eliane Briand               Ania Brown        
      Mahesh Doijade            Giacomo Fiorin          Stefan Fleischmann    
      Sergey Gorelov         Gilles Gouaillardet            Alan Gray         
     M. Eric Irrgang         Farzaneh Jalalypour            Joe Jordan        
     Carsten Kutzner           Justin A. Lemkul          Magnus Lundborg      
       Pascal Merz              Vedran Miletic            Dmitry Morozov      
       Julien Nabet              Szilard Pall        Andrea Pasquadibisceglie 
    Michele Pellegrino          Hubert Santuz             Roland Schulz       
     Tatiana Shugaeva          Alexey Shvetsov            Philip Turner       
     Alessandra Villa      Sebastian Wingbermuehle  

                         Previous GROMACS contributors:
        Emile Apol             Rossen Apostolov           James Barnett       
        Paul Bauer          Herman J.C. Berendsen          Par Bjelkmar       
      Christian Blau          Viacheslav Bolnykh            Kevin Boyd        
    Aldert van Buuren          Carlo Camilloni           Rudi van Drunen      
      Anton Feenstra           Oliver Fleetwood            Vytas Gapsys       
       Gaurav Garg             Gerrit Groenhof            Bert de Groot       
      Anca Hamuraru           Vincent Hindriksen          Victor Holanda      
     Aleksei Iupinov          Christoph Junghans        Prashanth Kanduri     
   Dimitrios Karkoulis           Peter Kasson             Sebastian Kehl      
     Sebastian Keller             Jiri Kraus               Per Larsson        
      Viveca Lindahl            Erik Marklund           Pieter Meulenhoff     
      Teemu Murtola              Sander Pronk             Michael Shirts      
      Alfons Sijbers            Balint Soproni         David van der Spoel    
      Peter Tieleman            Carsten Uphoff             Jon Vincent        
     Teemu Virolainen         Christian Wennberg           Maarten Wolf       
      Artem Zhmurov       

                  Coordinated by the GROMACS project leaders:
                           Berk Hess and Erik Lindahl

GROMACS:      gmx mdrun, version 2024.3
Executable:   /usr/local/gromacs/bin/gmx
Data prefix:  /usr/local/gromacs
Working dir:  /home/konrad_guest/Documents/research/cursor/md_water_study_iteration_4/data
Process ID:   28391
Command line:
  gmx mdrun -deffnm nvt

GROMACS version:     2024.3
Precision:           mixed
Memory model:        64 bit
MPI library:         thread_mpi
OpenMP support:      enabled (GMX_OPENMP_MAX_THREADS = 128)
GPU support:         disabled
SIMD instructions:   AVX2_256
CPU FFT library:     fftw-3.3.8-sse2-avx-avx2-avx2_128
GPU FFT library:     none
Multi-GPU FFT:       none
RDTSCP usage:        enabled
TNG support:         enabled
Hwloc support:       disabled
Tracing support:     disabled
C compiler:          /usr/bin/cc GNU 11.4.0
C compiler flags:    -fexcess-precision=fast -funroll-all-loops -mavx2 -mfma -Wno-missing-field-initializers -O3 -DNDEBUG
C++ compiler:        /usr/bin/c++ GNU 11.4.0
C++ compiler flags:  -fexcess-precision=fast -funroll-all-loops -mavx2 -mfma -Wno-missing-field-initializers -Wno-cast-function-type-strict -fopenmp -O3 -DNDEBUG
BLAS library:        Internal
LAPACK library:      Internal


Running on 1 node with total 6 cores, 6 processing units
Hardware detected on host konrad-hp:
  CPU info:
    Vendor: AMD
    Brand:  AMD Ryzen 5 4500U with Radeon Graphics         
    Family: 23   Model: 96   Stepping: 1
    Features: aes amd apic avx avx2 clfsh cmov cx8 cx16 f16c fma htt lahf misalignsse mmx msr nonstop_tsc pclmuldq pdpe1gb popcnt pse rdrnd rdtscp sha sse2 sse3 sse4a sse4.1 sse4.2 ssse3
  Hardware topology: Basic
    Packages, cores, and logical processors:
    [indices refer to OS logical processors]
      Package  0: [   0] [   1] [   2] [   3] [   4] [   5]
    CPU limit set by OS: -1   Recommended max number of threads: 6


++++ PLEASE READ AND CITE THE FOLLOWING REFERENCE ++++
M. J. Abraham, T. Murtola, R. Schulz, S. Páll, J. C. Smith, B. Hess, E.
Lindahl
GROMACS: High performance molecular simulations through multi-level
parallelism from laptops to supercomputers
SoftwareX 1 (2015) pp. 19-25
-------- -------- --- Thank You --- -------- --------


++++ PLEASE READ AND CITE THE FOLLOWING REFERENCE ++++
S. Páll, M. J. Abraham, C. Kutzner, B. Hess, E. Lindahl
Tackling Exascale Software Challenges in Molecular Dynamics Simulations with
GROMACS
In S. Markidis & E. Laure (Eds.), Solving Software Challenges for Exascale 8759 (2015) pp. 3-27
-------- -------- --- Thank You --- -------- --------


++++ PLEASE READ AND CITE THE FOLLOWING REFERENCE ++++
S. Pronk, S. Páll, R. Schulz, P. Larsson, P. Bjelkmar, R. Apostolov, M. R.
Shirts, J. C. Smith, P. M. Kasson, D. van der Spoel, B. Hess, and E. Lindahl
GROMACS 4.5: a high-throughput and highly parallel open source molecular
simulation toolkit
Bioinformatics 29 (2013) pp. 845-54
-------- -------- --- Thank You --- -------- --------


++++ PLEASE READ AND CITE THE FOLLOWING REFERENCE ++++
B. Hess and C. Kutzner and D. van der Spoel and E. Lindahl
GROMACS 4: Algorithms for highly efficient, load-balanced, and scalable
molecular simulation
J. Chem. Theory Comput. 4 (2008) pp. 435-447
-------- -------- --- Thank You --- -------- --------


++++ PLEASE READ AND CITE THE FOLLOWING REFERENCE ++++
D. van der Spoel, E. Lindahl, B. Hess, G. Groenhof, A. E. Mark and H. J. C.
Berendsen
GROMACS: Fast, Flexible and Free
J. Comp. Chem. 26 (2005) pp. 1701-1719
-------- -------- --- Thank You --- -------- --------


++++ PLEASE READ AND CITE THE FOLLOWING REFERENCE ++++
E. Lindahl and B. Hess and D. van der Spoel
GROMACS 3.0: A package for molecular simulation and trajectory analysis
J. Mol. Mod. 7 (2001) pp. 306-317
-------- -------- --- Thank You --- -------- --------


++++ PLEASE READ AND CITE THE FOLLOWING REFERENCE ++++
H. J. C. Berendsen, D. van der Spoel and R. van Drunen
GROMACS: A message-passing parallel molecular dynamics implementation
Comp. Phys. Comm. 91 (1995) pp. 43-56
-------- -------- --- Thank You --- -------- --------


++++ PLEASE CITE THE DOI FOR THIS VERSION OF GROMACS ++++
https://doi.org/10.5281/zenodo.13456374
-------- -------- --- Thank You --- -------- --------

Input Parameters:
   integrator                     = md
   tinit                          = 0
   dt                             = 0.002
   nsteps                         = 50000
   init-step                      = 0
   simulation-part                = 1
   mts                            = false
   mass-repartition-factor        = 1
   comm-mode                      = Linear
   nstcomm                        = 100
   bd-fric                        = 0
   ld-seed                        = -1191445105
   emtol                          = 10
   emstep                         = 0.01
   niter                          = 20
   fcstep                         = 0
   nstcgsteep                     = 1000
   nbfgscorr                      = 10
   rtpi                           = 0.05
   nstxout                        = 500
   nstvout                        = 500
   nstfout                        = 0
   nstlog                         = 500
   nstcalcenergy                  = 100
   nstenergy                      = 500
   nstxout-compressed             = 0
   compressed-x-precision         = 1000
   cutoff-scheme                  = Verlet
   nstlist                        = 10
   pbc                            = xyz
   periodic-molecules             = false
   verlet-buffer-tolerance        = 0.005
   verlet-buffer-pressure-tolerance = 0.5
   rlist                          = 1
   coulombtype                    = PME
   coulomb-modifier               = Potential-shift
   rcoulomb-switch                = 0
   rcoulomb                       = 1
   epsilon-r                      = 1
   epsilon-rf                     = inf
   vdw-type                       = Cut-off
   vdw-modifier                   = Potential-shift
   rvdw-switch                    = 0
   rvdw                           = 1
   DispCorr                       = EnerPres
   table-extension                = 1
   fourierspacing                 = 0.16
   fourier-nx                     = 52
   fourier-ny                     = 52
   fourier-nz                     = 52
   pme-order                      = 4
   ewald-rtol                     = 1e-05
   ewald-rtol-lj                  = 0.001
   lj-pme-comb-rule               = Geometric
   ewald-geometry                 = 3d
   epsilon-surface                = 0
   ensemble-temperature-setting   = constant
   ensemble-temperature           = 273
   tcoupl                         = V-rescale
   nsttcouple                     = 10
   nh-chain-length                = 0
   print-nose-hoover-chain-variables = false
   pcoupl                         = No
   refcoord-scaling               = No
   posres-com (3):
      posres-com[0]= 0.00000e+00
      posres-com[1]= 0.00000e+00
      posres-com[2]= 0.00000e+00
   posres-comB (3):
      posres-comB[0]= 0.00000e+00
      posres-comB[1]= 0.00000e+00
      posres-comB[2]= 0.00000e+00
   QMMM                           = false
qm-opts:
   ngQM                           = 0
   constraint-algorithm           = Lincs
   continuation                   = false
   Shake-SOR                      = false
   shake-tol                      = 0.0001
   lincs-order                    = 4
   lincs-iter                     = 1
   lincs-warnangle                = 30
   nwall                          = 0
   wall-type                      = 9-3
   wall-r-linpot                  = -1
   wall-atomtype[0]               = -1
   wall-atomtype[1]               = -1
   wall-density[0]                = 0
   wall-density[1]                = 0
   wall-ewald-zfac                = 3
   pull                           = false
   awh                            = false
   rotation                       = false
   interactiveMD                  = false
   disre                          = No
   disre-weighting                = Conservative
   disre-mixed                    = false
   dr-fc                          = 1000
   dr-tau                         = 0
   nstdisreout                    = 100
   orire-fc                       = 0
   orire-tau                      = 0
   nstorireout                    = 100
   free-energy                    = no
   cos-acceleration               = 0
   deform (3x3):
      deform[    0]={ 0.00000e+00,  0.00000e+00,  0.00000e+00}
      deform[    1]={ 0.00000e+00,  0.00000e+00,  0.00000e+00}
      deform[    2]={ 0.00000e+00,  0.00000e+00,  0.00000e+00}
   simulated-tempering            = false
   swapcoords                     = no
   userint1                       = 0
   userint2                       = 0
   userint3                       = 0
   userint4                       = 0
   userreal1                      = 0
   userreal2                      = 0
   userreal3                      = 0
   userreal4                      = 0
   applied-forces:
     electric-field:
       x:
         E0                       = 0
         omega                    = 0
         t0                       = 0
         sigma                    = 0
       y:
         E0                       = 0
         omega                    = 0
         t0                       = 0
         sigma                    = 0
       z:
         E0                       = 0
         omega                    = 0
         t0                       = 0
         sigma                    = 0
     density-guided-simulation:
       active                     = false
       group                      = protein
       similarity-measure         = inner-product
       atom-spreading-weight      = unity
       force-constant             = 1e+09
       gaussian-transform-spreading-width = 0.2
       gaussian-transform-spreading-range-in-multiples-of-width = 4
       reference-density-filename = reference.mrc
       nst                        = 1
       normalize-densities        = true
       adaptive-force-scaling     = false
       adaptive-force-scaling-time-constant = 4
       shift-vector               = 
       transformation-matrix      = 
     qmmm-cp2k:
       active                     = false
       qmgroup                    = System
       qmmethod                   = PBE
       qmfilenames                = 
       qmcharge                   = 0
       qmmultiplicity             = 1
     colvars:
       active                     = false
       configfile                 = 
       seed                       = -1
grpopts:
   nrdf:       32997
   ref-t:         273
   tau-t:         0.1
annealing:          No
annealing-npoints:           0
   acc:	           0           0           0
   nfreeze:           N           N           N
   energygrp-flags[  0]: 0

Changing nstlist from 10 to 100, rlist from 1 to 1.106


Initializing Domain Decomposition on 1 ranks
Dynamic load balancing: auto
Using update groups, nr 5500, average size 4.0 atoms, max. radius 0.078 nm
Minimum cell size due to atom displacement: 0.518 nm
Using 0 separate PME ranks because: there are too few total ranks for efficient splitting
Optimizing the DD grid for 1 cells with a minimum initial size of 0.518 nm
The maximum allowed number of cells is: X 15 Y 15 Z 15
Domain decomposition grid 1 x 1 x 1, separate PME ranks 0
PME domain decomposition: 1 x 1 x 1

The initial number of communication pulses is:
The initial domain decomposition cell size is:

When dynamic load balancing gets turned on, these settings will change to:
The maximum number of communication pulses is:
The minimum size for domain decomposition cells is 1.262 nm
The requested allowed shrink of DD cells (option -dds) is: 0.80
The allowed shrink of domain decomposition cells is:

Using 1 MPI thread
Using 6 OpenMP threads 

System total charge: 0.000
Will do PME sum in reciprocal space for electrostatic interactions.

++++ PLEASE READ AND CITE THE FOLLOWING REFERENCE ++++
U. Essmann, L. Perera, M. L. Berkowitz, T. Darden, H. Lee and L. G. Pedersen 
A smooth particle mesh Ewald method
J. Chem. Phys. 103 (1995) pp. 8577-8592
-------- -------- --- Thank You --- -------- --------

Using a Gaussian width (1/beta) of 0.320163 nm for Ewald
Potential shift: LJ r^-12: -1.000e+00 r^-6: -1.000e+00, Ewald -1.000e-05
Initialized non-bonded Coulomb Ewald tables, spacing: 9.33e-04 size: 1073

Long Range LJ corr.: <C6> 1.5949e-04


Using SIMD4xM 4x8 nonbonded short-range kernels

Using a dual 4x8 pair-list setup updated with dynamic pruning:
  outer list: updated every 100 steps, buffer 0.106 nm, rlist 1.106 nm
  inner list: updated every  20 steps, buffer 0.001 nm, rlist 1.001 nm
At tolerance 0.005 kJ/mol/ps per atom, equivalent classical 1x1 list would be:
  outer list: updated every 100 steps, buffer 0.254 nm, rlist 1.254 nm
  inner list: updated every  20 steps, buffer 0.070 nm, rlist 1.070 nm

The average pressure is off by at most 0.19 bar due to missing LJ interactions

Using Geometric Lennard-Jones combination rule
Removing pbc first time

Linking all bonded interactions to atoms


Pinning threads with an auto-selected logical cpu stride of 1

++++ PLEASE READ AND CITE THE FOLLOWING REFERENCE ++++
S. Miyamoto and P. A. Kollman
SETTLE: An Analytical Version of the SHAKE and RATTLE Algorithms for Rigid
Water Models
J. Comp. Chem. 13 (1992) pp. 952-962
-------- -------- --- Thank You --- -------- --------


++++ PLEASE READ AND CITE THE FOLLOWING REFERENCE ++++
G. Bussi, D. Donadio and M. Parrinello
Canonical sampling through velocity rescaling
J. Chem. Phys. 126 (2007) pp. 014101
-------- -------- --- Thank You --- -------- --------

There are: 16500 Atoms
There are: 5500 VSites
Atom distribution over 1 domains: av 22000 stddev 0 min 22000 max 22000

Constraining the starting coordinates (step 0)

Constraining the coordinates at t0-dt (step 0)
Center of mass motion removal mode is Linear
We have the following groups for center of mass motion removal:
  0:  rest
RMS relative constraint deviation after constraining: 0.00e+00
Initial temperature: 272.585 K

Started mdrun on rank 0 Thu Feb 27 20:06:52 2025

           Step           Time
              0        0.00000

   Energies (kJ/mol)
        LJ (SR)  Disper. corr.   Coulomb (SR)   Coul. recip.      Potential
   -7.30930e+03   -6.77219e+02   -3.03657e+04    1.38851e+04   -2.44671e+04
    Kinetic En.   Total Energy  Conserved En.    Temperature Pres. DC (bar)
    3.74944e+04    1.30273e+04    1.30273e+04    2.73330e+02   -2.36743e+01
 Pressure (bar)
   -3.84990e+02

           Step           Time
            500        1.00000

   Energies (kJ/mol)
        LJ (SR)  Disper. corr.   Coulomb (SR)   Coul. recip.      Potential
    2.79057e+04   -6.77219e+02   -1.87033e+05    5.59847e+03   -1.54206e+05
    Kinetic En.   Total Energy  Conserved En.    Temperature Pres. DC (bar)
    4.40159e+04   -1.10191e+05    1.31261e+04    3.20871e+02   -2.36743e+01
 Pressure (bar)
   -5.40021e+02

           Step           Time
           1000        2.00000

   Energies (kJ/mol)
        LJ (SR)  Disper. corr.   Coulomb (SR)   Coul. recip.      Potential
    3.55261e+04   -6.77219e+02   -2.21437e+05    4.32947e+03   -1.82259e+05
    Kinetic En.   Total Energy  Conserved En.    Temperature Pres. DC (bar)
    4.02036e+04   -1.42055e+05    1.31888e+04    2.93080e+02   -2.36743e+01
 Pressure (bar)
   -4.67793e+02

           Step           Time
           1500        3.00000

   Energies (kJ/mol)
        LJ (SR)  Disper. corr.   Coulomb (SR)   Coul. recip.      Potential
    3.67374e+04   -6.77219e+02   -2.32249e+05    3.85728e+03   -1.92332e+05
    Kinetic En.   Total Energy  Conserved En.    Temperature Pres. DC (bar)
    3.82139e+04   -1.54118e+05    1.32286e+04    2.78575e+02   -2.36743e+01
 Pressure (bar)
   -5.71431e+02

           Step           Time
           2000        4.00000

   Energies (kJ/mol)
        LJ (SR)  Disper. corr.   Coulomb (SR)   Coul. recip.      Potential
    3.98448e+04   -6.77219e+02   -2.41339e+05    3.54488e+03   -1.98626e+05
    Kinetic En.   Total Energy  Conserved En.    Temperature Pres. DC (bar)
    3.81535e+04   -1.60473e+05    1.32433e+04    2.78135e+02   -2.36743e+01
 Pressure (bar)
   -3.30410e+02

           Step           Time
           2500        5.00000

   Energies (kJ/mol)
        LJ (SR)  Disper. corr.   Coulomb (SR)   Coul. recip.      Potential
    4.15623e+04   -6.77219e+02   -2.48743e+05    3.27655e+03   -2.04581e+05
    Kinetic En.   Total Energy  Conserved En.    Temperature Pres. DC (bar)
    3.82208e+04   -1.66360e+05    1.32652e+04    2.78626e+02   -2.36743e+01
 Pressure (bar)
   -2.75650e+02

           Step           Time
           3000        6.00000

   Energies (kJ/mol)
        LJ (SR)  Disper. corr.   Coulomb (SR)   Coul. recip.      Potential
    4.16151e+04   -6.77219e+02   -2.50675e+05    3.10358e+03   -2.06634e+05
    Kinetic En.   Total Energy  Conserved En.    Temperature Pres. DC (bar)
    3.77300e+04   -1.68904e+05    1.32851e+04    2.75048e+02   -2.36743e+01
 Pressure (bar)
   -2.91625e+02

           Step           Time
           3500        7.00000

   Energies (kJ/mol)
        LJ (SR)  Disper. corr.   Coulomb (SR)   Coul. recip.      Potential
    4.19589e+04   -6.77219e+02   -2.52581e+05    2.95992e+03   -2.08339e+05
    Kinetic En.   Total Energy  Conserved En.    Temperature Pres. DC (bar)
    3.78282e+04   -1.70511e+05    1.32925e+04    2.75763e+02   -2.36743e+01
 Pressure (bar)
   -2.76469e+02

           Step           Time
           4000        8.00000

   Energies (kJ/mol)
        LJ (SR)  Disper. corr.   Coulomb (SR)   Coul. recip.      Potential
    4.13237e+04   -6.77219e+02   -2.53045e+05    2.80557e+03   -2.09593e+05
    Kinetic En.   Total Energy  Conserved En.    Temperature Pres. DC (bar)
    3.75774e+04   -1.72016e+05    1.33043e+04    2.73936e+02   -2.36743e+01
 Pressure (bar)
   -3.36230e+02

           Step           Time
           4500        9.00000

   Energies (kJ/mol)
        LJ (SR)  Disper. corr.   Coulomb (SR)   Coul. recip.      Potential
    4.21873e+04   -6.77219e+02   -2.55788e+05    2.78175e+03   -2.11496e+05
    Kinetic En.   Total Energy  Conserved En.    Temperature Pres. DC (bar)
    3.77035e+04   -1.73793e+05    1.33093e+04    2.74855e+02   -2.36743e+01
 Pressure (bar)
   -2.97019e+02

           Step           Time
           5000       10.00000

   Energies (kJ/mol)
        LJ (SR)  Disper. corr.   Coulomb (SR)   Coul. recip.      Potential
    4.31315e+04   -6.77219e+02   -2.57794e+05    2.72829e+03   -2.12611e+05
    Kinetic En.   Total Energy  Conserved En.    Temperature Pres. DC (bar)
    3.73121e+04   -1.75299e+05    1.33270e+04    2.72001e+02   -2.36743e+01
 Pressure (bar)
   -1.98808e+02

           Step           Time
           5500       11.00000

   Energies (kJ/mol)
        LJ (SR)  Disper. corr.   Coulomb (SR)   Coul. recip.      Potential
    4.30528e+04   -6.77219e+02   -2.58377e+05    2.71809e+03   -2.13283e+05
    Kinetic En.   Total Energy  Conserved En.    Temperature Pres. DC (bar)
    3.80552e+04   -1.75228e+05    1.33360e+04    2.77418e+02   -2.36743e+01
 Pressure (bar)
   -1.85096e+02

           Step           Time
           6000       12.00000

   Energies (kJ/mol)
        LJ (SR)  Disper. corr.   Coulomb (SR)   Coul. recip.      Potential
    4.34107e+04   -6.77219e+02   -2.59867e+05    2.58148e+03   -2.14552e+05
    Kinetic En.   Total Energy  Conserved En.    Temperature Pres. DC (bar)
    3.77014e+04   -1.76850e+05    1.33402e+04    2.74840e+02   -2.36743e+01
 Pressure (bar)
   -1.47376e+02

           Step           Time
           6500       13.00000

   Energies (kJ/mol)
        LJ (SR)  Disper. corr.   Coulomb (SR)   Coul. recip.      Potential
    4.30190e+04   -6.77219e+02   -2.60158e+05    2.59555e+03   -2.15220e+05
    Kinetic En.   Total Energy  Conserved En.    Temperature Pres. DC (bar)
    3.76665e+04   -1.77554e+05    1.33420e+04    2.74585e+02   -2.36743e+01
 Pressure (bar)
   -2.33308e+02

           Step           Time
           7000       14.00000

   Energies (kJ/mol)
        LJ (SR)  Disper. corr.   Coulomb (SR)   Coul. recip.      Potential
    4.30239e+04   -6.77219e+02   -2.60592e+05    2.56617e+03   -2.15679e+05
    Kinetic En.   Total Energy  Conserved En.    Temperature Pres. DC (bar)
    3.74472e+04   -1.78232e+05    1.33533e+04    2.72986e+02   -2.36743e+01
 Pressure (bar)
   -2.42891e+02

           Step           Time
           7500       15.00000

   Energies (kJ/mol)
        LJ (SR)  Disper. corr.   Coulomb (SR)   Coul. recip.      Potential
    4.24440e+04   -6.77219e+02   -2.61711e+05    2.48872e+03   -2.17455e+05
    Kinetic En.   Total Energy  Conserved En.    Temperature Pres. DC (bar)
    3.76041e+04   -1.79851e+05    1.33582e+04    2.74130e+02   -2.36743e+01
 Pressure (bar)
   -3.37983e+02

           Step           Time
           8000       16.00000

   Energies (kJ/mol)
        LJ (SR)  Disper. corr.   Coulomb (SR)   Coul. recip.      Potential
    4.29227e+04   -6.77219e+02   -2.62216e+05    2.35139e+03   -2.17620e+05
    Kinetic En.   Total Energy  Conserved En.    Temperature Pres. DC (bar)
    3.78419e+04   -1.79778e+05    1.33668e+04    2.75864e+02   -2.36743e+01
 Pressure (bar)
   -2.59561e+02

           Step           Time
           8500       17.00000

   Energies (kJ/mol)
        LJ (SR)  Disper. corr.   Coulomb (SR)   Coul. recip.      Potential
    4.32887e+04   -6.77219e+02   -2.62932e+05    2.32904e+03   -2.17991e+05
    Kinetic En.   Total Energy  Conserved En.    Temperature Pres. DC (bar)
    3.74969e+04   -1.80494e+05    1.33761e+04    2.73349e+02   -2.36743e+01
 Pressure (bar)
   -2.05613e+02

           Step           Time
           9000       18.00000

   Energies (kJ/mol)
        LJ (SR)  Disper. corr.   Coulomb (SR)   Coul. recip.      Potential
    4.34855e+04   -6.77219e+02   -2.63333e+05    2.30934e+03   -2.18215e+05
    Kinetic En.   Total Energy  Conserved En.    Temperature Pres. DC (bar)
    3.76158e+04   -1.80599e+05    1.33838e+04    2.74215e+02   -2.36743e+01
 Pressure (bar)
   -1.69378e+02

           Step           Time
           9500       19.00000

   Energies (kJ/mol)
        LJ (SR)  Disper. corr.   Coulomb (SR)   Coul. recip.      Potential
    4.34565e+04   -6.77219e+02   -2.63689e+05    2.40562e+03   -2.18504e+05
    Kinetic En.   Total Energy  Conserved En.    Temperature Pres. DC (bar)
    3.72102e+04   -1.81293e+05    1.34027e+04    2.71258e+02   -2.36743e+01
 Pressure (bar)
   -2.17952e+02

           Step           Time
          10000       20.00000

   Energies (kJ/mol)
        LJ (SR)  Disper. corr.   Coulomb (SR)   Coul. recip.      Potential
    4.35406e+04   -6.77219e+02   -2.64360e+05    2.31919e+03   -2.19177e+05
    Kinetic En.   Total Energy  Conserved En.    Temperature Pres. DC (bar)
    3.70260e+04   -1.82151e+05    1.34098e+04    2.69915e+02   -2.36743e+01
 Pressure (bar)
   -2.32045e+02

           Step           Time
          10500       21.00000

   Energies (kJ/mol)
        LJ (SR)  Disper. corr.   Coulomb (SR)   Coul. recip.      Potential
    4.30691e+04   -6.77219e+02   -2.64745e+05    2.27804e+03   -2.20075e+05
    Kinetic En.   Total Energy  Conserved En.    Temperature Pres. DC (bar)
    3.77386e+04   -1.82337e+05    1.34032e+04    2.75111e+02   -2.36743e+01
 Pressure (bar)
   -2.93449e+02

           Step           Time
          11000       22.00000

   Energies (kJ/mol)
        LJ (SR)  Disper. corr.   Coulomb (SR)   Coul. recip.      Potential
    4.35135e+04   -6.77219e+02   -2.64397e+05    2.31603e+03   -2.19245e+05
    Kinetic En.   Total Energy  Conserved En.    Temperature Pres. DC (bar)
    3.73835e+04   -1.81861e+05    1.34165e+04    2.72522e+02   -2.36743e+01
 Pressure (bar)
   -2.04613e+02

           Step           Time
          11500       23.00000

   Energies (kJ/mol)
        LJ (SR)  Disper. corr.   Coulomb (SR)   Coul. recip.      Potential
    4.36860e+04   -6.77219e+02   -2.65183e+05    2.22829e+03   -2.19945e+05
    Kinetic En.   Total Energy  Conserved En.    Temperature Pres. DC (bar)
    3.74538e+04   -1.82492e+05    1.34177e+04    2.73034e+02   -2.36743e+01
 Pressure (bar)
   -1.88561e+02

           Step           Time
          12000       24.00000

   Energies (kJ/mol)
        LJ (SR)  Disper. corr.   Coulomb (SR)   Coul. recip.      Potential
    4.36892e+04   -6.77219e+02   -2.65423e+05    2.25188e+03   -2.20159e+05
    Kinetic En.   Total Energy  Conserved En.    Temperature Pres. DC (bar)
    3.74043e+04   -1.82755e+05    1.34268e+04    2.72673e+02   -2.36743e+01
 Pressure (bar)
   -2.11426e+02

           Step           Time
          12500       25.00000

   Energies (kJ/mol)
        LJ (SR)  Disper. corr.   Coulomb (SR)   Coul. recip.      Potential
    4.42889e+04   -6.77219e+02   -2.67023e+05    2.23305e+03   -2.21178e+05
    Kinetic En.   Total Energy  Conserved En.    Temperature Pres. DC (bar)
    3.73354e+04   -1.83843e+05    1.34381e+04    2.72171e+02   -2.36743e+01
 Pressure (bar)
   -1.55890e+02

           Step           Time
          13000       26.00000

   Energies (kJ/mol)
        LJ (SR)  Disper. corr.   Coulomb (SR)   Coul. recip.      Potential
    4.39436e+04   -6.77219e+02   -2.66519e+05    2.23548e+03   -2.21017e+05
    Kinetic En.   Total Energy  Conserved En.    Temperature Pres. DC (bar)
    3.76128e+04   -1.83404e+05    1.34405e+04    2.74194e+02   -2.36743e+01
 Pressure (bar)
   -1.94131e+02

           Step           Time
          13500       27.00000

   Energies (kJ/mol)
        LJ (SR)  Disper. corr.   Coulomb (SR)   Coul. recip.      Potential
    4.46557e+04   -6.77219e+02   -2.67435e+05    2.19906e+03   -2.21258e+05
    Kinetic En.   Total Energy  Conserved En.    Temperature Pres. DC (bar)
    3.70399e+04   -1.84218e+05    1.34458e+04    2.70017e+02   -2.36743e+01
 Pressure (bar)
   -1.14505e+02

           Step           Time
          14000       28.00000

   Energies (kJ/mol)
        LJ (SR)  Disper. corr.   Coulomb (SR)   Coul. recip.      Potential
    4.41147e+04   -6.77219e+02   -2.66485e+05    2.18812e+03   -2.20859e+05
    Kinetic En.   Total Energy  Conserved En.    Temperature Pres. DC (bar)
    3.71986e+04   -1.83661e+05    1.34519e+04    2.71174e+02   -2.36743e+01
 Pressure (bar)
   -1.74594e+02

           Step           Time
          14500       29.00000

   Energies (kJ/mol)
        LJ (SR)  Disper. corr.   Coulomb (SR)   Coul. recip.      Potential
    4.34732e+04   -6.77219e+02   -2.65455e+05    2.14314e+03   -2.20515e+05
    Kinetic En.   Total Energy  Conserved En.    Temperature Pres. DC (bar)
    3.75058e+04   -1.83010e+05    1.34608e+04    2.73413e+02   -2.36743e+01
 Pressure (bar)
   -2.02473e+02

           Step           Time
          15000       30.00000

   Energies (kJ/mol)
        LJ (SR)  Disper. corr.   Coulomb (SR)   Coul. recip.      Potential
    4.43102e+04   -6.77219e+02   -2.67360e+05    2.18233e+03   -2.21545e+05
    Kinetic En.   Total Energy  Conserved En.    Temperature Pres. DC (bar)
    3.76333e+04   -1.83912e+05    1.34714e+04    2.74343e+02   -2.36743e+01
 Pressure (bar)
   -1.34815e+02

           Step           Time
          15500       31.00000

   Energies (kJ/mol)
        LJ (SR)  Disper. corr.   Coulomb (SR)   Coul. recip.      Potential
    4.37287e+04   -6.77219e+02   -2.66538e+05    2.15470e+03   -2.21332e+05
    Kinetic En.   Total Energy  Conserved En.    Temperature Pres. DC (bar)
    3.73256e+04   -1.84006e+05    1.34730e+04    2.72100e+02   -2.36743e+01
 Pressure (bar)
   -1.83608e+02

           Step           Time
          16000       32.00000

   Energies (kJ/mol)
        LJ (SR)  Disper. corr.   Coulomb (SR)   Coul. recip.      Potential
    4.33242e+04   -6.77219e+02   -2.65842e+05    2.17389e+03   -2.21021e+05
    Kinetic En.   Total Energy  Conserved En.    Temperature Pres. DC (bar)
    3.72383e+04   -1.83783e+05    1.34781e+04    2.71463e+02   -2.36743e+01
 Pressure (bar)
   -2.23721e+02

           Step           Time
          16500       33.00000

   Energies (kJ/mol)
        LJ (SR)  Disper. corr.   Coulomb (SR)   Coul. recip.      Potential
    4.31125e+04   -6.77219e+02   -2.65926e+05    2.09758e+03   -2.21393e+05
    Kinetic En.   Total Energy  Conserved En.    Temperature Pres. DC (bar)
    3.82975e+04   -1.83095e+05    1.34752e+04    2.79185e+02   -2.36743e+01
 Pressure (bar)
   -2.39998e+02

           Step           Time
          17000       34.00000

   Energies (kJ/mol)
        LJ (SR)  Disper. corr.   Coulomb (SR)   Coul. recip.      Potential
    4.34206e+04   -6.77219e+02   -2.66582e+05    2.05102e+03   -2.21788e+05
    Kinetic En.   Total Energy  Conserved En.    Temperature Pres. DC (bar)
    3.70779e+04   -1.84710e+05    1.34923e+04    2.70294e+02   -2.36743e+01
 Pressure (bar)
   -2.28742e+02

           Step           Time
          17500       35.00000

   Energies (kJ/mol)
        LJ (SR)  Disper. corr.   Coulomb (SR)   Coul. recip.      Potential
    4.36781e+04   -6.77219e+02   -2.67081e+05    2.12779e+03   -2.21952e+05
    Kinetic En.   Total Energy  Conserved En.    Temperature Pres. DC (bar)
    3.71295e+04   -1.84822e+05    1.35028e+04    2.70670e+02   -2.36743e+01
 Pressure (bar)
   -2.04741e+02

           Step           Time
          18000       36.00000

   Energies (kJ/mol)
        LJ (SR)  Disper. corr.   Coulomb (SR)   Coul. recip.      Potential
    4.33473e+04   -6.77219e+02   -2.66619e+05    2.07449e+03   -2.21874e+05
    Kinetic En.   Total Energy  Conserved En.    Temperature Pres. DC (bar)
    3.75248e+04   -1.84350e+05    1.35027e+04    2.73552e+02   -2.36743e+01
 Pressure (bar)
   -2.19829e+02

           Step           Time
          18500       37.00000

   Energies (kJ/mol)
        LJ (SR)  Disper. corr.   Coulomb (SR)   Coul. recip.      Potential
    4.51214e+04   -6.77219e+02   -2.69142e+05    2.05153e+03   -2.22647e+05
    Kinetic En.   Total Energy  Conserved En.    Temperature Pres. DC (bar)
    3.72571e+04   -1.85389e+05    1.35115e+04    2.71601e+02   -2.36743e+01
 Pressure (bar)
   -5.66493e+01

           Step           Time
          19000       38.00000

   Energies (kJ/mol)
        LJ (SR)  Disper. corr.   Coulomb (SR)   Coul. recip.      Potential
    4.50178e+04   -6.77219e+02   -2.69616e+05    2.06002e+03   -2.23215e+05
    Kinetic En.   Total Energy  Conserved En.    Temperature Pres. DC (bar)
    3.78442e+04   -1.85371e+05    1.35116e+04    2.75880e+02   -2.36743e+01
 Pressure (bar)
   -8.76418e+01

           Step           Time
          19500       39.00000

   Energies (kJ/mol)
        LJ (SR)  Disper. corr.   Coulomb (SR)   Coul. recip.      Potential
    4.49926e+04   -6.77219e+02   -2.69426e+05    2.04452e+03   -2.23066e+05
    Kinetic En.   Total Energy  Conserved En.    Temperature Pres. DC (bar)
    3.78565e+04   -1.85210e+05    1.35216e+04    2.75970e+02   -2.36743e+01
 Pressure (bar)
   -7.51117e+01

           Step           Time
          20000       40.00000

   Energies (kJ/mol)
        LJ (SR)  Disper. corr.   Coulomb (SR)   Coul. recip.      Potential
    4.47567e+04   -6.77219e+02   -2.69411e+05    2.09221e+03   -2.23240e+05
    Kinetic En.   Total Energy  Conserved En.    Temperature Pres. DC (bar)
    3.74204e+04   -1.85819e+05    1.35312e+04    2.72791e+02   -2.36743e+01
 Pressure (bar)
   -1.47493e+02

           Step           Time
          20500       41.00000

   Energies (kJ/mol)
        LJ (SR)  Disper. corr.   Coulomb (SR)   Coul. recip.      Potential
    4.45943e+04   -6.77219e+02   -2.68633e+05    2.13092e+03   -2.22585e+05
    Kinetic En.   Total Energy  Conserved En.    Temperature Pres. DC (bar)
    3.76608e+04   -1.84924e+05    1.35331e+04    2.74543e+02   -2.36743e+01
 Pressure (bar)
   -1.09873e+02

           Step           Time
          21000       42.00000

   Energies (kJ/mol)
        LJ (SR)  Disper. corr.   Coulomb (SR)   Coul. recip.      Potential
    4.39081e+04   -6.77219e+02   -2.68089e+05    2.05761e+03   -2.22800e+05
    Kinetic En.   Total Energy  Conserved En.    Temperature Pres. DC (bar)
    3.72215e+04   -1.85579e+05    1.35451e+04    2.71341e+02   -2.36743e+01
 Pressure (bar)
   -1.82180e+02

           Step           Time
          21500       43.00000

   Energies (kJ/mol)
        LJ (SR)  Disper. corr.   Coulomb (SR)   Coul. recip.      Potential
    4.52670e+04   -6.77219e+02   -2.70163e+05    2.06678e+03   -2.23506e+05
    Kinetic En.   Total Energy  Conserved En.    Temperature Pres. DC (bar)
    3.73541e+04   -1.86152e+05    1.35507e+04    2.72308e+02   -2.36743e+01
 Pressure (bar)
   -3.59923e+01

           Step           Time
          22000       44.00000

   Energies (kJ/mol)
        LJ (SR)  Disper. corr.   Coulomb (SR)   Coul. recip.      Potential
    4.39378e+04   -6.77219e+02   -2.68101e+05    2.01896e+03   -2.22821e+05
    Kinetic En.   Total Energy  Conserved En.    Temperature Pres. DC (bar)
    3.74444e+04   -1.85377e+05    1.35562e+04    2.72966e+02   -2.36743e+01
 Pressure (bar)
   -1.88156e+02

           Step           Time
          22500       45.00000

   Energies (kJ/mol)
        LJ (SR)  Disper. corr.   Coulomb (SR)   Coul. recip.      Potential
    4.45277e+04   -6.77219e+02   -2.69062e+05    2.02506e+03   -2.23187e+05
    Kinetic En.   Total Energy  Conserved En.    Temperature Pres. DC (bar)
    3.73388e+04   -1.85848e+05    1.35611e+04    2.72196e+02   -2.36743e+01
 Pressure (bar)
   -1.10625e+02

           Step           Time
          23000       46.00000

   Energies (kJ/mol)
        LJ (SR)  Disper. corr.   Coulomb (SR)   Coul. recip.      Potential
    4.43157e+04   -6.77219e+02   -2.69081e+05    2.08727e+03   -2.23355e+05
    Kinetic En.   Total Energy  Conserved En.    Temperature Pres. DC (bar)
    3.75471e+04   -1.85808e+05    1.35655e+04    2.73715e+02   -2.36743e+01
 Pressure (bar)
   -1.32624e+02

           Step           Time
          23500       47.00000

   Energies (kJ/mol)
        LJ (SR)  Disper. corr.   Coulomb (SR)   Coul. recip.      Potential
    4.37264e+04   -6.77219e+02   -2.68514e+05    2.09247e+03   -2.23373e+05
    Kinetic En.   Total Energy  Conserved En.    Temperature Pres. DC (bar)
    3.72365e+04   -1.86136e+05    1.35785e+04    2.71450e+02   -2.36743e+01
 Pressure (bar)
   -1.98998e+02

           Step           Time
          24000       48.00000

   Energies (kJ/mol)
        LJ (SR)  Disper. corr.   Coulomb (SR)   Coul. recip.      Potential
    4.40576e+04   -6.77219e+02   -2.68494e+05    2.00347e+03   -2.23110e+05
    Kinetic En.   Total Energy  Conserved En.    Temperature Pres. DC (bar)
    3.71422e+04   -1.85968e+05    1.35859e+04    2.70763e+02   -2.36743e+01
 Pressure (bar)
   -1.75069e+02

           Step           Time
          24500       49.00000

   Energies (kJ/mol)
        LJ (SR)  Disper. corr.   Coulomb (SR)   Coul. recip.      Potential
    4.45031e+04   -6.77219e+02   -2.68664e+05    2.03413e+03   -2.22804e+05
    Kinetic En.   Total Energy  Conserved En.    Temperature Pres. DC (bar)
    3.76484e+04   -1.85155e+05    1.35844e+04    2.74453e+02   -2.36743e+01
 Pressure (bar)
   -8.29761e+01

           Step           Time
          25000       50.00000

   Energies (kJ/mol)
        LJ (SR)  Disper. corr.   Coulomb (SR)   Coul. recip.      Potential
    4.46645e+04   -6.77219e+02   -2.69648e+05    2.01242e+03   -2.23649e+05
    Kinetic En.   Total Energy  Conserved En.    Temperature Pres. DC (bar)
    3.70722e+04   -1.86576e+05    1.35872e+04    2.70253e+02   -2.36743e+01
 Pressure (bar)
   -1.01178e+02

           Step           Time
          25500       51.00000

   Energies (kJ/mol)
        LJ (SR)  Disper. corr.   Coulomb (SR)   Coul. recip.      Potential
    4.36541e+04   -6.77219e+02   -2.67763e+05    1.98011e+03   -2.22806e+05
    Kinetic En.   Total Energy  Conserved En.    Temperature Pres. DC (bar)
    3.77818e+04   -1.85025e+05    1.35972e+04    2.75425e+02   -2.36743e+01
 Pressure (bar)
   -1.73588e+02

           Step           Time
          26000       52.00000

   Energies (kJ/mol)
        LJ (SR)  Disper. corr.   Coulomb (SR)   Coul. recip.      Potential
    4.46188e+04   -6.77219e+02   -2.69253e+05    2.05655e+03   -2.23255e+05
    Kinetic En.   Total Energy  Conserved En.    Temperature Pres. DC (bar)
    3.76623e+04   -1.85593e+05    1.36078e+04    2.74554e+02   -2.36743e+01
 Pressure (bar)
   -9.59489e+01

           Step           Time
          26500       53.00000

   Energies (kJ/mol)
        LJ (SR)  Disper. corr.   Coulomb (SR)   Coul. recip.      Potential
    4.47324e+04   -6.77219e+02   -2.70539e+05    1.99993e+03   -2.24484e+05
    Kinetic En.   Total Energy  Conserved En.    Temperature Pres. DC (bar)
    3.71074e+04   -1.87377e+05    1.36206e+04    2.70509e+02   -2.36743e+01
 Pressure (bar)
   -1.23051e+02

           Step           Time
          27000       54.00000

   Energies (kJ/mol)
        LJ (SR)  Disper. corr.   Coulomb (SR)   Coul. recip.      Potential
    4.35695e+04   -6.77219e+02   -2.67864e+05    1.95578e+03   -2.23016e+05
    Kinetic En.   Total Energy  Conserved En.    Temperature Pres. DC (bar)
    3.71188e+04   -1.85897e+05    1.36222e+04    2.70592e+02   -2.36743e+01
 Pressure (bar)
   -1.64907e+02

           Step           Time
          27500       55.00000

   Energies (kJ/mol)
        LJ (SR)  Disper. corr.   Coulomb (SR)   Coul. recip.      Potential
    4.46127e+04   -6.77219e+02   -2.69535e+05    1.94542e+03   -2.23654e+05
    Kinetic En.   Total Energy  Conserved En.    Temperature Pres. DC (bar)
    3.76714e+04   -1.85983e+05    1.36244e+04    2.74620e+02   -2.36743e+01
 Pressure (bar)
   -7.98138e+01

           Step           Time
          28000       56.00000

   Energies (kJ/mol)
        LJ (SR)  Disper. corr.   Coulomb (SR)   Coul. recip.      Potential
    4.37783e+04   -6.77219e+02   -2.68659e+05    2.00039e+03   -2.23557e+05
    Kinetic En.   Total Energy  Conserved En.    Temperature Pres. DC (bar)
    3.73405e+04   -1.86217e+05    1.36353e+04    2.72208e+02   -2.36743e+01
 Pressure (bar)
   -1.73310e+02

           Step           Time
          28500       57.00000

   Energies (kJ/mol)
        LJ (SR)  Disper. corr.   Coulomb (SR)   Coul. recip.      Potential
    4.44159e+04   -6.77219e+02   -2.69557e+05    1.94420e+03   -2.23874e+05
    Kinetic En.   Total Energy  Conserved En.    Temperature Pres. DC (bar)
    3.74869e+04   -1.86388e+05    1.36369e+04    2.73276e+02   -2.36743e+01
 Pressure (bar)
   -1.31625e+02

           Step           Time
          29000       58.00000

   Energies (kJ/mol)
        LJ (SR)  Disper. corr.   Coulomb (SR)   Coul. recip.      Potential
    4.46186e+04   -6.77219e+02   -2.69702e+05    1.94159e+03   -2.23819e+05
    Kinetic En.   Total Energy  Conserved En.    Temperature Pres. DC (bar)
    3.70865e+04   -1.86733e+05    1.36542e+04    2.70356e+02   -2.36743e+01
 Pressure (bar)
   -6.80871e+01

           Step           Time
          29500       59.00000

   Energies (kJ/mol)
        LJ (SR)  Disper. corr.   Coulomb (SR)   Coul. recip.      Potential
    4.50043e+04   -6.77219e+02   -2.70554e+05    1.96872e+03   -2.24258e+05
    Kinetic En.   Total Energy  Conserved En.    Temperature Pres. DC (bar)
    3.70727e+04   -1.87185e+05    1.36679e+04    2.70256e+02   -2.36743e+01
 Pressure (bar)
   -6.27567e+01

           Step           Time
          30000       60.00000

   Energies (kJ/mol)
        LJ (SR)  Disper. corr.   Coulomb (SR)   Coul. recip.      Potential
    4.62468e+04   -6.77219e+02   -2.71628e+05    2.01838e+03   -2.24040e+05
    Kinetic En.   Total Energy  Conserved En.    Temperature Pres. DC (bar)
    3.77851e+04   -1.86255e+05    1.36678e+04    2.75449e+02   -2.36743e+01
 Pressure (bar)
    1.13978e+02

           Step           Time
          30500       61.00000

   Energies (kJ/mol)
        LJ (SR)  Disper. corr.   Coulomb (SR)   Coul. recip.      Potential
    4.41456e+04   -6.77219e+02   -2.69545e+05    1.97088e+03   -2.24106e+05
    Kinetic En.   Total Energy  Conserved En.    Temperature Pres. DC (bar)
    3.75435e+04   -1.86562e+05    1.36616e+04    2.73688e+02   -2.36743e+01
 Pressure (bar)
   -1.54078e+02

           Step           Time
          31000       62.00000

   Energies (kJ/mol)
        LJ (SR)  Disper. corr.   Coulomb (SR)   Coul. recip.      Potential
    4.49328e+04   -6.77219e+02   -2.70490e+05    1.96395e+03   -2.24270e+05
    Kinetic En.   Total Energy  Conserved En.    Temperature Pres. DC (bar)
    3.76826e+04   -1.86587e+05    1.36757e+04    2.74702e+02   -2.36743e+01
 Pressure (bar)
   -9.46111e+01

           Step           Time
          31500       63.00000

   Energies (kJ/mol)
        LJ (SR)  Disper. corr.   Coulomb (SR)   Coul. recip.      Potential
    4.39610e+04   -6.77219e+02   -2.70336e+05    1.98595e+03   -2.25066e+05
    Kinetic En.   Total Energy  Conserved En.    Temperature Pres. DC (bar)
    3.74807e+04   -1.87586e+05    1.36789e+04    2.73230e+02   -2.36743e+01
 Pressure (bar)
   -2.11544e+02

           Step           Time
          32000       64.00000

   Energies (kJ/mol)
        LJ (SR)  Disper. corr.   Coulomb (SR)   Coul. recip.      Potential
    4.34222e+04   -6.77219e+02   -2.69028e+05    1.97013e+03   -2.24312e+05
    Kinetic En.   Total Energy  Conserved En.    Temperature Pres. DC (bar)
    3.74733e+04   -1.86839e+05    1.36982e+04    2.73177e+02   -2.36743e+01
 Pressure (bar)
   -1.87810e+02

           Step           Time
          32500       65.00000

   Energies (kJ/mol)
        LJ (SR)  Disper. corr.   Coulomb (SR)   Coul. recip.      Potential
    4.43095e+04   -6.77219e+02   -2.70468e+05    1.83945e+03   -2.24996e+05
    Kinetic En.   Total Energy  Conserved En.    Temperature Pres. DC (bar)
    3.74237e+04   -1.87573e+05    1.36926e+04    2.72815e+02   -2.36743e+01
 Pressure (bar)
   -1.26972e+02

           Step           Time
          33000       66.00000

   Energies (kJ/mol)
        LJ (SR)  Disper. corr.   Coulomb (SR)   Coul. recip.      Potential
    4.39044e+04   -6.77219e+02   -2.69378e+05    1.94852e+03   -2.24202e+05
    Kinetic En.   Total Energy  Conserved En.    Temperature Pres. DC (bar)
    3.78882e+04   -1.86314e+05    1.36994e+04    2.76201e+02   -2.36743e+01
 Pressure (bar)
   -1.52448e+02

           Step           Time
          33500       67.00000

   Energies (kJ/mol)
        LJ (SR)  Disper. corr.   Coulomb (SR)   Coul. recip.      Potential
    4.47162e+04   -6.77219e+02   -2.71298e+05    1.94337e+03   -2.25315e+05
    Kinetic En.   Total Energy  Conserved En.    Temperature Pres. DC (bar)
    3.75205e+04   -1.87795e+05    1.36995e+04    2.73521e+02   -2.36743e+01
 Pressure (bar)
   -1.24665e+02

           Step           Time
          34000       68.00000

   Energies (kJ/mol)
        LJ (SR)  Disper. corr.   Coulomb (SR)   Coul. recip.      Potential
    4.46466e+04   -6.77219e+02   -2.71223e+05    1.86318e+03   -2.25391e+05
    Kinetic En.   Total Energy  Conserved En.    Temperature Pres. DC (bar)
    3.76832e+04   -1.87708e+05    1.37128e+04    2.74707e+02   -2.36743e+01
 Pressure (bar)
   -8.80412e+01

           Step           Time
          34500       69.00000

   Energies (kJ/mol)
        LJ (SR)  Disper. corr.   Coulomb (SR)   Coul. recip.      Potential
    4.44861e+04   -6.77219e+02   -2.71061e+05    1.90707e+03   -2.25345e+05
    Kinetic En.   Total Energy  Conserved En.    Temperature Pres. DC (bar)
    3.77507e+04   -1.87594e+05    1.37220e+04    2.75199e+02   -2.36743e+01
 Pressure (bar)
   -1.24192e+02

           Step           Time
          35000       70.00000

   Energies (kJ/mol)
        LJ (SR)  Disper. corr.   Coulomb (SR)   Coul. recip.      Potential
    4.47629e+04   -6.77219e+02   -2.71460e+05    1.89333e+03   -2.25481e+05
    Kinetic En.   Total Energy  Conserved En.    Temperature Pres. DC (bar)
    3.74747e+04   -1.88006e+05    1.37281e+04    2.73187e+02   -2.36743e+01
 Pressure (bar)
   -8.47680e+01

           Step           Time
          35500       71.00000

   Energies (kJ/mol)
        LJ (SR)  Disper. corr.   Coulomb (SR)   Coul. recip.      Potential
    4.46133e+04   -6.77219e+02   -2.70937e+05    1.85497e+03   -2.25146e+05
    Kinetic En.   Total Energy  Conserved En.    Temperature Pres. DC (bar)
    3.79055e+04   -1.87240e+05    1.37338e+04    2.76327e+02   -2.36743e+01
 Pressure (bar)
   -1.28338e+02

           Step           Time
          36000       72.00000

   Energies (kJ/mol)
        LJ (SR)  Disper. corr.   Coulomb (SR)   Coul. recip.      Potential
    4.49576e+04   -6.77219e+02   -2.72081e+05    1.91788e+03   -2.25883e+05
    Kinetic En.   Total Energy  Conserved En.    Temperature Pres. DC (bar)
    3.73708e+04   -1.88512e+05    1.37464e+04    2.72429e+02   -2.36743e+01
 Pressure (bar)
   -9.30900e+01

           Step           Time
          36500       73.00000

   Energies (kJ/mol)
        LJ (SR)  Disper. corr.   Coulomb (SR)   Coul. recip.      Potential
    4.40674e+04   -6.77219e+02   -2.70415e+05    1.88174e+03   -2.25143e+05
    Kinetic En.   Total Energy  Conserved En.    Temperature Pres. DC (bar)
    3.75076e+04   -1.87635e+05    1.37493e+04    2.73426e+02   -2.36743e+01
 Pressure (bar)
   -1.75442e+02

           Step           Time
          37000       74.00000

   Energies (kJ/mol)
        LJ (SR)  Disper. corr.   Coulomb (SR)   Coul. recip.      Potential
    4.43474e+04   -6.77219e+02   -2.70737e+05    1.92795e+03   -2.25139e+05
    Kinetic En.   Total Energy  Conserved En.    Temperature Pres. DC (bar)
    3.72099e+04   -1.87929e+05    1.37639e+04    2.71256e+02   -2.36743e+01
 Pressure (bar)
   -1.63303e+02

           Step           Time
          37500       75.00000

   Energies (kJ/mol)
        LJ (SR)  Disper. corr.   Coulomb (SR)   Coul. recip.      Potential
    4.56479e+04   -6.77219e+02   -2.72681e+05    1.80103e+03   -2.25909e+05
    Kinetic En.   Total Energy  Conserved En.    Temperature Pres. DC (bar)
    3.68913e+04   -1.89018e+05    1.37686e+04    2.68934e+02   -2.36743e+01
 Pressure (bar)
   -1.84948e+01

           Step           Time
          38000       76.00000

   Energies (kJ/mol)
        LJ (SR)  Disper. corr.   Coulomb (SR)   Coul. recip.      Potential
    4.50522e+04   -6.77219e+02   -2.71932e+05    1.89591e+03   -2.25661e+05
    Kinetic En.   Total Energy  Conserved En.    Temperature Pres. DC (bar)
    3.73422e+04   -1.88319e+05    1.37782e+04    2.72221e+02   -2.36743e+01
 Pressure (bar)
   -7.59463e+01

           Step           Time
          38500       77.00000

   Energies (kJ/mol)
        LJ (SR)  Disper. corr.   Coulomb (SR)   Coul. recip.      Potential
    4.42296e+04   -6.77219e+02   -2.71446e+05    1.86033e+03   -2.26034e+05
    Kinetic En.   Total Energy  Conserved En.    Temperature Pres. DC (bar)
    3.71291e+04   -1.88904e+05    1.37800e+04    2.70667e+02   -2.36743e+01
 Pressure (bar)
   -1.75766e+02

           Step           Time
          39000       78.00000

   Energies (kJ/mol)
        LJ (SR)  Disper. corr.   Coulomb (SR)   Coul. recip.      Potential
    4.56711e+04   -6.77219e+02   -2.73504e+05    1.78245e+03   -2.26728e+05
    Kinetic En.   Total Energy  Conserved En.    Temperature Pres. DC (bar)
    3.78098e+04   -1.88918e+05    1.37909e+04    2.75630e+02   -2.36743e+01
 Pressure (bar)
   -4.66160e+01

           Step           Time
          39500       79.00000

   Energies (kJ/mol)
        LJ (SR)  Disper. corr.   Coulomb (SR)   Coul. recip.      Potential
    4.51265e+04   -6.77219e+02   -2.72028e+05    1.87122e+03   -2.25708e+05
    Kinetic En.   Total Energy  Conserved En.    Temperature Pres. DC (bar)
    3.72357e+04   -1.88472e+05    1.38021e+04    2.71445e+02   -2.36743e+01
 Pressure (bar)
   -1.01402e+02

           Step           Time
          40000       80.00000

   Energies (kJ/mol)
        LJ (SR)  Disper. corr.   Coulomb (SR)   Coul. recip.      Potential
    4.52358e+04   -6.77219e+02   -2.72890e+05    1.85562e+03   -2.26476e+05
    Kinetic En.   Total Energy  Conserved En.    Temperature Pres. DC (bar)
    3.73190e+04   -1.89157e+05    1.38107e+04    2.72052e+02   -2.36743e+01
 Pressure (bar)
   -9.37246e+01

           Step           Time
          40500       81.00000

   Energies (kJ/mol)
        LJ (SR)  Disper. corr.   Coulomb (SR)   Coul. recip.      Potential
    4.47036e+04   -6.77219e+02   -2.71978e+05    1.91400e+03   -2.26037e+05
    Kinetic En.   Total Energy  Conserved En.    Temperature Pres. DC (bar)
    3.81206e+04   -1.87917e+05    1.38114e+04    2.77895e+02   -2.36743e+01
 Pressure (bar)
   -1.13277e+02

           Step           Time
          41000       82.00000

   Energies (kJ/mol)
        LJ (SR)  Disper. corr.   Coulomb (SR)   Coul. recip.      Potential
    4.45502e+04   -6.77219e+02   -2.72117e+05    1.78381e+03   -2.26461e+05
    Kinetic En.   Total Energy  Conserved En.    Temperature Pres. DC (bar)
    3.70129e+04   -1.89448e+05    1.38314e+04    2.69820e+02   -2.36743e+01
 Pressure (bar)
   -1.59508e+02

           Step           Time
          41500       83.00000

   Energies (kJ/mol)
        LJ (SR)  Disper. corr.   Coulomb (SR)   Coul. recip.      Potential
    4.49434e+04   -6.77219e+02   -2.72659e+05    1.89643e+03   -2.26497e+05
    Kinetic En.   Total Energy  Conserved En.    Temperature Pres. DC (bar)
    3.78263e+04   -1.88671e+05    1.38319e+04    2.75750e+02   -2.36743e+01
 Pressure (bar)
   -8.11383e+01

           Step           Time
          42000       84.00000

   Energies (kJ/mol)
        LJ (SR)  Disper. corr.   Coulomb (SR)   Coul. recip.      Potential
    4.55147e+04   -6.77219e+02   -2.73362e+05    1.83032e+03   -2.26694e+05
    Kinetic En.   Total Energy  Conserved En.    Temperature Pres. DC (bar)
    3.72950e+04   -1.89399e+05    1.38480e+04    2.71877e+02   -2.36743e+01
 Pressure (bar)
   -5.08591e+01

           Step           Time
          42500       85.00000

   Energies (kJ/mol)
        LJ (SR)  Disper. corr.   Coulomb (SR)   Coul. recip.      Potential
    4.48139e+04   -6.77219e+02   -2.72662e+05    1.88748e+03   -2.26638e+05
    Kinetic En.   Total Energy  Conserved En.    Temperature Pres. DC (bar)
    3.75183e+04   -1.89120e+05    1.38457e+04    2.73504e+02   -2.36743e+01
 Pressure (bar)
   -1.56490e+02

           Step           Time
          43000       86.00000

   Energies (kJ/mol)
        LJ (SR)  Disper. corr.   Coulomb (SR)   Coul. recip.      Potential
    4.48778e+04   -6.77219e+02   -2.72653e+05    1.77207e+03   -2.26681e+05
    Kinetic En.   Total Energy  Conserved En.    Temperature Pres. DC (bar)
    3.76071e+04   -1.89073e+05    1.38610e+04    2.74152e+02   -2.36743e+01
 Pressure (bar)
   -1.41416e+02

           Step           Time
          43500       87.00000

   Energies (kJ/mol)
        LJ (SR)  Disper. corr.   Coulomb (SR)   Coul. recip.      Potential
    4.59673e+04   -6.77219e+02   -2.74324e+05    1.83366e+03   -2.27200e+05
    Kinetic En.   Total Energy  Conserved En.    Temperature Pres. DC (bar)
    3.76483e+04   -1.89552e+05    1.38698e+04    2.74452e+02   -2.36743e+01
 Pressure (bar)
   -4.70249e+01

           Step           Time
          44000       88.00000

   Energies (kJ/mol)
        LJ (SR)  Disper. corr.   Coulomb (SR)   Coul. recip.      Potential
    4.57638e+04   -6.77219e+02   -2.73978e+05    1.87074e+03   -2.27021e+05
    Kinetic En.   Total Energy  Conserved En.    Temperature Pres. DC (bar)
    3.72677e+04   -1.89753e+05    1.38801e+04    2.71678e+02   -2.36743e+01
 Pressure (bar)
   -5.06941e+01

           Step           Time
          44500       89.00000

   Energies (kJ/mol)
        LJ (SR)  Disper. corr.   Coulomb (SR)   Coul. recip.      Potential
    4.48132e+04   -6.77219e+02   -2.72240e+05    1.83670e+03   -2.26267e+05
    Kinetic En.   Total Energy  Conserved En.    Temperature Pres. DC (bar)
    3.72452e+04   -1.89022e+05    1.38915e+04    2.71514e+02   -2.36743e+01
 Pressure (bar)
   -1.17700e+02

           Step           Time
          45000       90.00000

   Energies (kJ/mol)
        LJ (SR)  Disper. corr.   Coulomb (SR)   Coul. recip.      Potential
    4.42290e+04   -6.77219e+02   -2.71703e+05    1.81539e+03   -2.26336e+05
    Kinetic En.   Total Energy  Conserved En.    Temperature Pres. DC (bar)
    3.76931e+04   -1.88643e+05    1.38986e+04    2.74779e+02   -2.36743e+01
 Pressure (bar)
   -1.90087e+02

           Step           Time
          45500       91.00000

   Energies (kJ/mol)
        LJ (SR)  Disper. corr.   Coulomb (SR)   Coul. recip.      Potential
    4.51591e+04   -6.77219e+02   -2.72655e+05    1.84997e+03   -2.26323e+05
    Kinetic En.   Total Energy  Conserved En.    Temperature Pres. DC (bar)
    3.74042e+04   -1.88919e+05    1.39056e+04    2.72672e+02   -2.36743e+01
 Pressure (bar)
   -4.21438e+01

           Step           Time
          46000       92.00000

   Energies (kJ/mol)
        LJ (SR)  Disper. corr.   Coulomb (SR)   Coul. recip.      Potential
    4.51739e+04   -6.77219e+02   -2.72554e+05    1.81198e+03   -2.26246e+05
    Kinetic En.   Total Energy  Conserved En.    Temperature Pres. DC (bar)
    3.72582e+04   -1.88988e+05    1.39204e+04    2.71609e+02   -2.36743e+01
 Pressure (bar)
   -8.01904e+01

           Step           Time
          46500       93.00000

   Energies (kJ/mol)
        LJ (SR)  Disper. corr.   Coulomb (SR)   Coul. recip.      Potential
    4.51009e+04   -6.77219e+02   -2.72846e+05    1.89175e+03   -2.26530e+05
    Kinetic En.   Total Energy  Conserved En.    Temperature Pres. DC (bar)
    3.75423e+04   -1.88988e+05    1.39147e+04    2.73679e+02   -2.36743e+01
 Pressure (bar)
   -7.99630e+01

           Step           Time
          47000       94.00000

   Energies (kJ/mol)
        LJ (SR)  Disper. corr.   Coulomb (SR)   Coul. recip.      Potential
    4.54447e+04   -6.77219e+02   -2.73625e+05    1.79029e+03   -2.27067e+05
    Kinetic En.   Total Energy  Conserved En.    Temperature Pres. DC (bar)
    3.78337e+04   -1.89233e+05    1.39332e+04    2.75804e+02   -2.36743e+01
 Pressure (bar)
   -3.00479e+01

           Step           Time
          47500       95.00000

   Energies (kJ/mol)
        LJ (SR)  Disper. corr.   Coulomb (SR)   Coul. recip.      Potential
    4.42691e+04   -6.77219e+02   -2.71768e+05    1.81864e+03   -2.26357e+05
    Kinetic En.   Total Energy  Conserved En.    Temperature Pres. DC (bar)
    3.76502e+04   -1.88707e+05    1.39458e+04    2.74466e+02   -2.36743e+01
 Pressure (bar)
   -1.49450e+02

           Step           Time
          48000       96.00000

   Energies (kJ/mol)
        LJ (SR)  Disper. corr.   Coulomb (SR)   Coul. recip.      Potential
    4.53150e+04   -6.77219e+02   -2.73310e+05    1.82829e+03   -2.26843e+05
    Kinetic En.   Total Energy  Conserved En.    Temperature Pres. DC (bar)
    3.74717e+04   -1.89372e+05    1.39539e+04    2.73165e+02   -2.36743e+01
 Pressure (bar)
   -4.03012e+01

           Step           Time
          48500       97.00000

   Energies (kJ/mol)
        LJ (SR)  Disper. corr.   Coulomb (SR)   Coul. recip.      Potential
    4.51289e+04   -6.77219e+02   -2.72552e+05    1.76825e+03   -2.26333e+05
    Kinetic En.   Total Energy  Conserved En.    Temperature Pres. DC (bar)
    3.76264e+04   -1.88706e+05    1.39669e+04    2.74292e+02   -2.36743e+01
 Pressure (bar)
   -3.86465e+01

           Step           Time
          49000       98.00000

   Energies (kJ/mol)
        LJ (SR)  Disper. corr.   Coulomb (SR)   Coul. recip.      Potential
    4.46543e+04   -6.77219e+02   -2.72383e+05    1.73527e+03   -2.26671e+05
    Kinetic En.   Total Energy  Conserved En.    Temperature Pres. DC (bar)
    3.70131e+04   -1.89658e+05    1.39781e+04    2.69822e+02   -2.36743e+01
 Pressure (bar)
   -1.19853e+02

           Step           Time
          49500       99.00000

   Energies (kJ/mol)
        LJ (SR)  Disper. corr.   Coulomb (SR)   Coul. recip.      Potential
    4.45219e+04   -6.77219e+02   -2.72519e+05    1.77339e+03   -2.26901e+05
    Kinetic En.   Total Energy  Conserved En.    Temperature Pres. DC (bar)
    3.78503e+04   -1.89050e+05    1.39811e+04    2.75925e+02   -2.36743e+01
 Pressure (bar)
   -1.37769e+02

           Step           Time
          50000      100.00000

Writing checkpoint, step 50000 at Thu Feb 27 20:10:24 2025


   Energies (kJ/mol)
        LJ (SR)  Disper. corr.   Coulomb (SR)   Coul. recip.      Potential
    4.53270e+04   -6.77219e+02   -2.72765e+05    1.79779e+03   -2.26317e+05
    Kinetic En.   Total Energy  Conserved En.    Temperature Pres. DC (bar)
    3.73137e+04   -1.89003e+05    1.39966e+04    2.72013e+02   -2.36743e+01
 Pressure (bar)
   -8.88134e+00


Energy conservation over simulation part #1 of length 100 ps, time 0 to 100 ps
  Conserved energy drift: 4.41e-04 kJ/mol/ps per atom


	<======  ###############  ==>
	<====  A V E R A G E S  ====>
	<==  ###############  ======>

	Statistics over 50001 steps using 501 frames

   Energies (kJ/mol)
        LJ (SR)  Disper. corr.   Coulomb (SR)   Coul. recip.      Potential
    4.36166e+04   -6.77219e+02   -2.64994e+05    2.22577e+03   -2.19829e+05
    Kinetic En.   Total Energy  Conserved En.    Temperature Pres. DC (bar)
    3.76659e+04   -1.82163e+05    1.35988e+04    2.74580e+02   -2.36743e+01
 Pressure (bar)
   -1.56947e+02

   Total Virial (kJ/mol)
    1.47209e+04    8.59114e+01   -2.43832e+02
    8.58200e+01    1.50888e+04    6.23471e+01
   -2.43867e+02    6.23835e+01    1.46079e+04

   Pressure (bar)
   -1.50802e+02   -6.74049e+00    1.94985e+01
   -6.73412e+00   -1.77727e+02   -4.92890e+00
    1.95010e+01   -4.93144e+00   -1.42311e+02


	M E G A - F L O P S   A C C O U N T I N G

 NB=Group-cutoff nonbonded kernels    NxN=N-by-N cluster Verlet kernels
 RF=Reaction-Field  VdW=Van der Waals  QSTab=quadratic-spline table
 W3=SPC/TIP3p  W4=TIP4p (single or pairs)
 V&F=Potential and force  V=Potential only  F=Force only

 Computing:                               M-Number         M-Flops  % Flops
-----------------------------------------------------------------------------
 Pair Search distance check            2821.398204       25392.584     0.1
 NxN Ewald Elec. + LJ [F]            252515.237040    16666005.645    47.0
 NxN Ewald Elec. + LJ [V&F]            2556.179168      273511.171     0.8
 NxN LJ [F]                               0.234432           7.736     0.0
 NxN LJ [V&F]                             0.002368           0.102     0.0
 NxN Ewald Elec. [F]                 251566.921584    15345582.217    43.2
 NxN Ewald Elec. [V&F]                 2546.594592      213913.946     0.6
 Calc Weights                          3300.066000      118802.376     0.3
 Spread Q Bspline                     70401.408000      140802.816     0.4
 Gather F Bspline                     70401.408000      422408.448     1.2
 3D-FFT                              240463.009164     1923704.073     5.4
 Solve PME                             3650.473008      233630.273     0.7
 Reset In Box                            11.022000          33.066     0.0
 CG-CoM                                  11.044000          33.132     0.0
 Virial                                  11.044545         198.802     0.0
 Stop-CM                                 11.044000         110.440     0.0
 Calc-Ekin                              220.044000        5941.188     0.0
 Constraint-V                           825.033000        7425.297     0.0
 Constraint-Vir                           8.266500         198.396     0.0
 Settle                                 275.016500      101756.105     0.3
 Virtual Site 3                         277.761000       10277.157     0.0
-----------------------------------------------------------------------------
 Total                                                35489734.969   100.0
-----------------------------------------------------------------------------


    D O M A I N   D E C O M P O S I T I O N   S T A T I S T I C S

 av. #atoms communicated per step for force:  2 x 0.0


      R E A L   C Y C L E   A N D   T I M E   A C C O U N T I N G

On 1 MPI rank, each using 6 OpenMP threads

 Activity:              Num   Num      Call    Wall time         Giga-Cycles
                        Ranks Threads  Count      (s)         total sum    %
--------------------------------------------------------------------------------
 Domain decomp.            1    6        501       1.182         16.813   0.6
 Vsite constr.             1    6      50001       0.864         12.284   0.4
 Neighbor search           1    6        501       2.327         33.091   1.1
 Force                     1    6      50001     127.233       1809.602  59.9
 PME mesh                  1    6      50001      55.879        794.757  26.3
 NB X/F buffer ops.        1    6      99501      14.444        205.431   6.8
 Vsite spread              1    6      50502       2.835         40.319   1.3
 Write traj.               1    6        101       0.494          7.025   0.2
 Update                    1    6      50001       3.421         48.657   1.6
 Constraints               1    6      50003       2.635         37.478   1.2
 Rest                                              1.190         16.922   0.6
--------------------------------------------------------------------------------
 Total                                           212.503       3022.378 100.0
--------------------------------------------------------------------------------
 Breakdown of PME mesh activities
--------------------------------------------------------------------------------
 PME spread                1    6      50001      21.043        299.285   9.9
 PME gather                1    6      50001      12.966        184.405   6.1
 PME 3D-FFT                1    6     100002      20.004        284.513   9.4
 PME solve Elec            1    6      50001       1.160         16.504   0.5
--------------------------------------------------------------------------------

               Core t (s)   Wall t (s)        (%)
       Time:     1275.019      212.503      600.0
                 (ns/day)    (hour/ns)
Performance:       40.659        0.590
Finished mdrun on rank 0 Thu Feb 27 20:10:24 2025

