Running complete analysis for TIP4P water model with checkpoints...
✓ Step 'Calculate Oxygen-Oxygen RDF' already completed. Skipping...
✓ Step 'Calculate Oxygen-Hydrogen RDF' already completed. Skipping...
✓ Step 'Calculate Hydrogen-Hydrogen RDF' already completed. Skipping...
✓ Step 'Calculate Mean Square Displacement' already completed. Skipping...
✓ Step 'Calculate number of hydrogen bonds' already completed. Skipping...
✓ Step 'Calculate hydrogen bond distances' already completed. Skipping...
✓ Step 'Calculate hydrogen bond angles' already completed. Skipping...
✓ Step 'Calculate hydrogen bond lifetimes' already completed. Skipping...
✓ Step 'Calculate density profile' already completed. Skipping...
✓ Step 'Calculate radial density profile' already completed. Skipping...
✓ Step 'Perform velocity autocorrelation function analysis' already completed. Skipping...
✓ Step 'Extract temperature data' already completed. Skipping...
✓ Step 'Extract pressure data' already completed. Skipping...
✓ Step 'Extract energy components' already completed. Skipping...
✓ Step 'Extract potential energy' already completed. Skipping...
✓ Step 'Extract detailed energy terms' already completed. Skipping...
✓ Step 'Calculate RMSD' already completed. Skipping...
▶ Running step: Generate plots for all analyses...
Python path configuration:
  PYTHONHOME = '/tmp/.mount_CursorX47bne/usr/'
  PYTHONPATH = '/tmp/.mount_CursorX47bne/usr/share/pyshared/:'
  program name = 'python3'
  isolated = 0
  environment = 1
  user site = 1
  import site = 1
  sys._base_executable = '/usr/bin/python3'
  sys.base_prefix = '/tmp/.mount_CursorX47bne/usr'
  sys.base_exec_prefix = '/tmp/.mount_CursorX47bne/usr'
  sys.platlibdir = 'lib'
  sys.executable = '/usr/bin/python3'
  sys.prefix = '/tmp/.mount_CursorX47bne/usr'
  sys.exec_prefix = '/tmp/.mount_CursorX47bne/usr'
  sys.path = [
    '/tmp/.mount_CursorX47bne/usr/share/pyshared/',
    '',
    '/tmp/.mount_CursorX47bne/usr/lib/python310.zip',
    '/tmp/.mount_CursorX47bne/usr/lib/python3.10',
    '/tmp/.mount_CursorX47bne/usr/lib/python3.10/lib-dynload',
  ]
Fatal Python error: init_fs_encoding: failed to get the Python codec of the filesystem encoding
Python runtime state: core initialized
ModuleNotFoundError: No module named 'encodings'

Current thread 0x0000747d82780740 (most recent call first):
  <no Python frame>
✗ Step 'Generate plots for all analyses' failed. No checkpoint created.
