                      :-) GROMACS - gmx mdrun, 2024.3 (-:

Copyright 1991-2024 The GROMACS Authors.
GROMACS is free software; you can redistribute it and/or modify it
under the terms of the GNU Lesser General Public License
as published by the Free Software Foundation; either version 2.1
of the License, or (at your option) any later version.

                         Current GROMACS contributors:
       Mark Abraham           Andrey Alekseenko           Vladimir Basov      
      Cathrine Bergh            Eliane Briand               Ania Brown        
      Mahesh Doijade            Giacomo Fiorin          Stefan Fleischmann    
      Sergey Gorelov         Gilles Gouaillardet            Alan Gray         
     M. Eric Irrgang         Farzaneh Jalalypour            Joe Jordan        
     Carsten Kutzner           Justin A. Lemkul          Magnus Lundborg      
       Pascal Merz              Vedran Miletic            Dmitry Morozov      
       Julien Nabet              Szilard Pall        Andrea Pasquadibisceglie 
    Michele Pellegrino          Hubert Santuz             Roland Schulz       
     Tatiana Shugaeva          Alexey Shvetsov            Philip Turner       
     Alessandra Villa      Sebastian Wingbermuehle  

                         Previous GROMACS contributors:
        Emile Apol             Rossen Apostolov           James Barnett       
        Paul Bauer          Herman J.C. Berendsen          Par Bjelkmar       
      Christian Blau          Viacheslav Bolnykh            Kevin Boyd        
    Aldert van Buuren          Carlo Camilloni           Rudi van Drunen      
      Anton Feenstra           Oliver Fleetwood            Vytas Gapsys       
       Gaurav Garg             Gerrit Groenhof            Bert de Groot       
      Anca Hamuraru           Vincent Hindriksen          Victor Holanda      
     Aleksei Iupinov          Christoph Junghans        Prashanth Kanduri     
   Dimitrios Karkoulis           Peter Kasson             Sebastian Kehl      
     Sebastian Keller             Jiri Kraus               Per Larsson        
      Viveca Lindahl            Erik Marklund           Pieter Meulenhoff     
      Teemu Murtola              Sander Pronk             Michael Shirts      
      Alfons Sijbers            Balint Soproni         David van der Spoel    
      Peter Tieleman            Carsten Uphoff             Jon Vincent        
     Teemu Virolainen         Christian Wennberg           Maarten Wolf       
      Artem Zhmurov       

                  Coordinated by the GROMACS project leaders:
                           Berk Hess and Erik Lindahl

GROMACS:      gmx mdrun, version 2024.3
Executable:   /usr/local/gromacs/bin/gmx
Data prefix:  /usr/local/gromacs
Working dir:  /home/konrad_guest/Documents/research/cursor/md_water_study_iteration_3/data/tip4p/273K
Process ID:   41029
Command line:
  gmx mdrun -deffnm md

GROMACS version:     2024.3
Precision:           mixed
Memory model:        64 bit
MPI library:         thread_mpi
OpenMP support:      enabled (GMX_OPENMP_MAX_THREADS = 128)
GPU support:         disabled
SIMD instructions:   AVX2_256
CPU FFT library:     fftw-3.3.8-sse2-avx-avx2-avx2_128
GPU FFT library:     none
Multi-GPU FFT:       none
RDTSCP usage:        enabled
TNG support:         enabled
Hwloc support:       disabled
Tracing support:     disabled
C compiler:          /usr/bin/cc GNU 11.4.0
C compiler flags:    -fexcess-precision=fast -funroll-all-loops -mavx2 -mfma -Wno-missing-field-initializers -O3 -DNDEBUG
C++ compiler:        /usr/bin/c++ GNU 11.4.0
C++ compiler flags:  -fexcess-precision=fast -funroll-all-loops -mavx2 -mfma -Wno-missing-field-initializers -Wno-cast-function-type-strict -fopenmp -O3 -DNDEBUG
BLAS library:        Internal
LAPACK library:      Internal


Running on 1 node with total 6 cores, 6 processing units
Hardware detected on host konrad-hp:
  CPU info:
    Vendor: AMD
    Brand:  AMD Ryzen 5 4500U with Radeon Graphics         
    Family: 23   Model: 96   Stepping: 1
    Features: aes amd apic avx avx2 clfsh cmov cx8 cx16 f16c fma htt lahf misalignsse mmx msr nonstop_tsc pclmuldq pdpe1gb popcnt pse rdrnd rdtscp sha sse2 sse3 sse4a sse4.1 sse4.2 ssse3
  Hardware topology: Basic
    Packages, cores, and logical processors:
    [indices refer to OS logical processors]
      Package  0: [   0] [   1] [   2] [   3] [   4] [   5]
    CPU limit set by OS: -1   Recommended max number of threads: 6


++++ PLEASE READ AND CITE THE FOLLOWING REFERENCE ++++
M. J. Abraham, T. Murtola, R. Schulz, S. Páll, J. C. Smith, B. Hess, E.
Lindahl
GROMACS: High performance molecular simulations through multi-level
parallelism from laptops to supercomputers
SoftwareX 1 (2015) pp. 19-25
-------- -------- --- Thank You --- -------- --------


++++ PLEASE READ AND CITE THE FOLLOWING REFERENCE ++++
S. Páll, M. J. Abraham, C. Kutzner, B. Hess, E. Lindahl
Tackling Exascale Software Challenges in Molecular Dynamics Simulations with
GROMACS
In S. Markidis & E. Laure (Eds.), Solving Software Challenges for Exascale 8759 (2015) pp. 3-27
-------- -------- --- Thank You --- -------- --------


++++ PLEASE READ AND CITE THE FOLLOWING REFERENCE ++++
S. Pronk, S. Páll, R. Schulz, P. Larsson, P. Bjelkmar, R. Apostolov, M. R.
Shirts, J. C. Smith, P. M. Kasson, D. van der Spoel, B. Hess, and E. Lindahl
GROMACS 4.5: a high-throughput and highly parallel open source molecular
simulation toolkit
Bioinformatics 29 (2013) pp. 845-54
-------- -------- --- Thank You --- -------- --------


++++ PLEASE READ AND CITE THE FOLLOWING REFERENCE ++++
B. Hess and C. Kutzner and D. van der Spoel and E. Lindahl
GROMACS 4: Algorithms for highly efficient, load-balanced, and scalable
molecular simulation
J. Chem. Theory Comput. 4 (2008) pp. 435-447
-------- -------- --- Thank You --- -------- --------


++++ PLEASE READ AND CITE THE FOLLOWING REFERENCE ++++
D. van der Spoel, E. Lindahl, B. Hess, G. Groenhof, A. E. Mark and H. J. C.
Berendsen
GROMACS: Fast, Flexible and Free
J. Comp. Chem. 26 (2005) pp. 1701-1719
-------- -------- --- Thank You --- -------- --------


++++ PLEASE READ AND CITE THE FOLLOWING REFERENCE ++++
E. Lindahl and B. Hess and D. van der Spoel
GROMACS 3.0: A package for molecular simulation and trajectory analysis
J. Mol. Mod. 7 (2001) pp. 306-317
-------- -------- --- Thank You --- -------- --------


++++ PLEASE READ AND CITE THE FOLLOWING REFERENCE ++++
H. J. C. Berendsen, D. van der Spoel and R. van Drunen
GROMACS: A message-passing parallel molecular dynamics implementation
Comp. Phys. Comm. 91 (1995) pp. 43-56
-------- -------- --- Thank You --- -------- --------


++++ PLEASE CITE THE DOI FOR THIS VERSION OF GROMACS ++++
https://doi.org/10.5281/zenodo.13456374
-------- -------- --- Thank You --- -------- --------

Input Parameters:
   integrator                     = md
   tinit                          = 0
   dt                             = 0.002
   nsteps                         = 250000
   init-step                      = 0
   simulation-part                = 1
   mts                            = false
   mass-repartition-factor        = 1
   comm-mode                      = Linear
   nstcomm                        = 100
   bd-fric                        = 0
   ld-seed                        = -1639972874
   emtol                          = 10
   emstep                         = 0.01
   niter                          = 20
   fcstep                         = 0
   nstcgsteep                     = 1000
   nbfgscorr                      = 10
   rtpi                           = 0.05
   nstxout                        = 2500
   nstvout                        = 2500
   nstfout                        = 0
   nstlog                         = 2500
   nstcalcenergy                  = 100
   nstenergy                      = 2500
   nstxout-compressed             = 0
   compressed-x-precision         = 1000
   cutoff-scheme                  = Verlet
   nstlist                        = 10
   pbc                            = xyz
   periodic-molecules             = false
   verlet-buffer-tolerance        = 0.005
   verlet-buffer-pressure-tolerance = 0.5
   rlist                          = 1
   coulombtype                    = PME
   coulomb-modifier               = Potential-shift
   rcoulomb-switch                = 0
   rcoulomb                       = 1
   epsilon-r                      = 1
   epsilon-rf                     = inf
   vdw-type                       = Cut-off
   vdw-modifier                   = Potential-shift
   rvdw-switch                    = 0
   rvdw                           = 1
   DispCorr                       = EnerPres
   table-extension                = 1
   fourierspacing                 = 0.16
   fourier-nx                     = 42
   fourier-ny                     = 42
   fourier-nz                     = 42
   pme-order                      = 4
   ewald-rtol                     = 1e-05
   ewald-rtol-lj                  = 0.001
   lj-pme-comb-rule               = Geometric
   ewald-geometry                 = 3d
   epsilon-surface                = 0
   ensemble-temperature-setting   = constant
   ensemble-temperature           = 273
   tcoupl                         = V-rescale
   nsttcouple                     = 10
   nh-chain-length                = 0
   print-nose-hoover-chain-variables = false
   pcoupl                         = Parrinello-Rahman
   pcoupltype                     = Isotropic
   nstpcouple                     = 50
   tau-p                          = 2
   compressibility (3x3):
      compressibility[    0]={ 4.50000e-05,  0.00000e+00,  0.00000e+00}
      compressibility[    1]={ 0.00000e+00,  4.50000e-05,  0.00000e+00}
      compressibility[    2]={ 0.00000e+00,  0.00000e+00,  4.50000e-05}
   ref-p (3x3):
      ref-p[    0]={ 1.00000e+00,  0.00000e+00,  0.00000e+00}
      ref-p[    1]={ 0.00000e+00,  1.00000e+00,  0.00000e+00}
      ref-p[    2]={ 0.00000e+00,  0.00000e+00,  1.00000e+00}
   refcoord-scaling               = No
   posres-com (3):
      posres-com[0]= 0.00000e+00
      posres-com[1]= 0.00000e+00
      posres-com[2]= 0.00000e+00
   posres-comB (3):
      posres-comB[0]= 0.00000e+00
      posres-comB[1]= 0.00000e+00
      posres-comB[2]= 0.00000e+00
   QMMM                           = false
qm-opts:
   ngQM                           = 0
   constraint-algorithm           = Lincs
   continuation                   = true
   Shake-SOR                      = false
   shake-tol                      = 0.0001
   lincs-order                    = 4
   lincs-iter                     = 1
   lincs-warnangle                = 30
   nwall                          = 0
   wall-type                      = 9-3
   wall-r-linpot                  = -1
   wall-atomtype[0]               = -1
   wall-atomtype[1]               = -1
   wall-density[0]                = 0
   wall-density[1]                = 0
   wall-ewald-zfac                = 3
   pull                           = false
   awh                            = false
   rotation                       = false
   interactiveMD                  = false
   disre                          = No
   disre-weighting                = Conservative
   disre-mixed                    = false
   dr-fc                          = 1000
   dr-tau                         = 0
   nstdisreout                    = 100
   orire-fc                       = 0
   orire-tau                      = 0
   nstorireout                    = 100
   free-energy                    = no
   cos-acceleration               = 0
   deform (3x3):
      deform[    0]={ 0.00000e+00,  0.00000e+00,  0.00000e+00}
      deform[    1]={ 0.00000e+00,  0.00000e+00,  0.00000e+00}
      deform[    2]={ 0.00000e+00,  0.00000e+00,  0.00000e+00}
   simulated-tempering            = false
   swapcoords                     = no
   userint1                       = 0
   userint2                       = 0
   userint3                       = 0
   userint4                       = 0
   userreal1                      = 0
   userreal2                      = 0
   userreal3                      = 0
   userreal4                      = 0
   applied-forces:
     electric-field:
       x:
         E0                       = 0
         omega                    = 0
         t0                       = 0
         sigma                    = 0
       y:
         E0                       = 0
         omega                    = 0
         t0                       = 0
         sigma                    = 0
       z:
         E0                       = 0
         omega                    = 0
         t0                       = 0
         sigma                    = 0
     density-guided-simulation:
       active                     = false
       group                      = protein
       similarity-measure         = inner-product
       atom-spreading-weight      = unity
       force-constant             = 1e+09
       gaussian-transform-spreading-width = 0.2
       gaussian-transform-spreading-range-in-multiples-of-width = 4
       reference-density-filename = reference.mrc
       nst                        = 1
       normalize-densities        = true
       adaptive-force-scaling     = false
       adaptive-force-scaling-time-constant = 4
       shift-vector               = 
       transformation-matrix      = 
     qmmm-cp2k:
       active                     = false
       qmgroup                    = System
       qmmethod                   = PBE
       qmfilenames                = 
       qmcharge                   = 0
       qmmultiplicity             = 1
     colvars:
       active                     = false
       configfile                 = 
       seed                       = -1
grpopts:
   nrdf:       32997
   ref-t:         273
   tau-t:         0.1
annealing:          No
annealing-npoints:           0
   acc:	           0           0           0
   nfreeze:           N           N           N
   energygrp-flags[  0]: 0

Changing nstlist from 10 to 50, rlist from 1 to 1.109


Initializing Domain Decomposition on 1 ranks
Dynamic load balancing: auto
Using update groups, nr 5500, average size 4.0 atoms, max. radius 0.078 nm
Minimum cell size due to atom displacement: 0.292 nm
Using 0 separate PME ranks because: there are too few total ranks for efficient splitting
Optimizing the DD grid for 1 cells with a minimum initial size of 0.292 nm
The maximum allowed number of cells is: X 22 Y 22 Z 22
Domain decomposition grid 1 x 1 x 1, separate PME ranks 0
PME domain decomposition: 1 x 1 x 1

The initial number of communication pulses is:
The initial domain decomposition cell size is:

When dynamic load balancing gets turned on, these settings will change to:
The maximum number of communication pulses is:
The minimum size for domain decomposition cells is 1.265 nm
The requested allowed shrink of DD cells (option -dds) is: 0.80
The allowed shrink of domain decomposition cells is:

Using 1 MPI thread
Using 6 OpenMP threads 

System total charge: 0.000
Will do PME sum in reciprocal space for electrostatic interactions.

++++ PLEASE READ AND CITE THE FOLLOWING REFERENCE ++++
U. Essmann, L. Perera, M. L. Berkowitz, T. Darden, H. Lee and L. G. Pedersen 
A smooth particle mesh Ewald method
J. Chem. Phys. 103 (1995) pp. 8577-8592
-------- -------- --- Thank You --- -------- --------

Using a Gaussian width (1/beta) of 0.320163 nm for Ewald
Potential shift: LJ r^-12: -1.000e+00 r^-6: -1.000e+00, Ewald -1.000e-05
Initialized non-bonded Coulomb Ewald tables, spacing: 9.33e-04 size: 1073

Long Range LJ corr.: <C6> 1.5949e-04


Using SIMD4xM 4x8 nonbonded short-range kernels

Using a dual 4x8 pair-list setup updated with dynamic pruning:
  outer list: updated every 50 steps, buffer 0.109 nm, rlist 1.109 nm
  inner list: updated every 10 steps, buffer 0.000 nm, rlist 1.000 nm
At tolerance 0.005 kJ/mol/ps per atom, equivalent classical 1x1 list would be:
  outer list: updated every 50 steps, buffer 0.233 nm, rlist 1.233 nm
  inner list: updated every 10 steps, buffer 0.034 nm, rlist 1.034 nm

The average pressure is off by at most 0.28 bar due to missing LJ interactions

Using Geometric Lennard-Jones combination rule

Linking all bonded interactions to atoms


Pinning threads with an auto-selected logical cpu stride of 1

++++ PLEASE READ AND CITE THE FOLLOWING REFERENCE ++++
S. Miyamoto and P. A. Kollman
SETTLE: An Analytical Version of the SHAKE and RATTLE Algorithms for Rigid
Water Models
J. Comp. Chem. 13 (1992) pp. 952-962
-------- -------- --- Thank You --- -------- --------


++++ PLEASE READ AND CITE THE FOLLOWING REFERENCE ++++
G. Bussi, D. Donadio and M. Parrinello
Canonical sampling through velocity rescaling
J. Chem. Phys. 126 (2007) pp. 014101
-------- -------- --- Thank You --- -------- --------

There are: 16500 Atoms
There are: 5500 VSites
Atom distribution over 1 domains: av 22000 stddev 0 min 22000 max 22000
Center of mass motion removal mode is Linear
We have the following groups for center of mass motion removal:
  0:  rest

Started mdrun on rank 0 Tue Feb 25 21:32:24 2025

           Step           Time
              0        0.00000

   Energies (kJ/mol)
        LJ (SR)  Disper. corr.   Coulomb (SR)   Coul. recip.      Potential
    4.50496e+04   -1.15651e+03   -2.76109e+05    1.55803e+03   -2.30658e+05
    Kinetic En.   Total Energy  Conserved En.    Temperature Pres. DC (bar)
    3.72101e+04   -1.93448e+05   -1.93431e+05    2.71258e+02   -6.88947e+01
 Pressure (bar)
   -1.91997e+02

           Step           Time
           2500        5.00000

   Energies (kJ/mol)
        LJ (SR)  Disper. corr.   Coulomb (SR)   Coul. recip.      Potential
    4.53846e+04   -1.48704e+03   -2.77801e+05    1.41911e+03   -2.32484e+05
    Kinetic En.   Total Energy  Conserved En.    Temperature Pres. DC (bar)
    3.75226e+04   -1.94961e+05   -1.92533e+05    2.73536e+02   -1.13826e+02
 Pressure (bar)
    5.39460e+01

           Step           Time
           5000       10.00000

   Energies (kJ/mol)
        LJ (SR)  Disper. corr.   Coulomb (SR)   Coul. recip.      Potential
    4.52536e+04   -1.95549e+03   -2.80235e+05    1.19761e+03   -2.35739e+05
    Kinetic En.   Total Energy  Conserved En.    Temperature Pres. DC (bar)
    3.68719e+04   -1.98867e+05   -1.91353e+05    2.68792e+02   -1.96725e+02
 Pressure (bar)
   -1.20159e+02

           Step           Time
           7500       15.00000

   Energies (kJ/mol)
        LJ (SR)  Disper. corr.   Coulomb (SR)   Coul. recip.      Potential
    4.66321e+04   -1.97798e+03   -2.82471e+05    1.17480e+03   -2.36642e+05
    Kinetic En.   Total Energy  Conserved En.    Temperature Pres. DC (bar)
    3.74973e+04   -1.99145e+05   -1.91156e+05    2.73352e+02   -2.01272e+02
 Pressure (bar)
    2.26483e+02

           Step           Time
          10000       20.00000

   Energies (kJ/mol)
        LJ (SR)  Disper. corr.   Coulomb (SR)   Coul. recip.      Potential
    4.68477e+04   -1.97520e+03   -2.83313e+05    1.11533e+03   -2.37326e+05
    Kinetic En.   Total Energy  Conserved En.    Temperature Pres. DC (bar)
    3.75139e+04   -1.99812e+05   -1.90950e+05    2.73473e+02   -2.00708e+02
 Pressure (bar)
    1.61049e+02

           Step           Time
          12500       25.00000

   Energies (kJ/mol)
        LJ (SR)  Disper. corr.   Coulomb (SR)   Coul. recip.      Potential
    4.56149e+04   -1.96554e+03   -2.81957e+05    1.20311e+03   -2.37104e+05
    Kinetic En.   Total Energy  Conserved En.    Temperature Pres. DC (bar)
    3.77328e+04   -1.99372e+05   -1.90716e+05    2.75068e+02   -1.98752e+02
 Pressure (bar)
   -3.04733e+02

           Step           Time
          15000       30.00000

   Energies (kJ/mol)
        LJ (SR)  Disper. corr.   Coulomb (SR)   Coul. recip.      Potential
    4.63810e+04   -1.97892e+03   -2.82918e+05    1.16516e+03   -2.37350e+05
    Kinetic En.   Total Energy  Conserved En.    Temperature Pres. DC (bar)
    3.74104e+04   -1.99940e+05   -1.90586e+05    2.72718e+02   -2.01464e+02
 Pressure (bar)
   -3.13042e+01

           Step           Time
          17500       35.00000

   Energies (kJ/mol)
        LJ (SR)  Disper. corr.   Coulomb (SR)   Coul. recip.      Potential
    4.66287e+04   -1.96341e+03   -2.82938e+05    1.15237e+03   -2.37120e+05
    Kinetic En.   Total Energy  Conserved En.    Temperature Pres. DC (bar)
    3.78760e+04   -1.99244e+05   -1.90457e+05    2.76112e+02   -1.98322e+02
 Pressure (bar)
    3.19164e+01

           Step           Time
          20000       40.00000

   Energies (kJ/mol)
        LJ (SR)  Disper. corr.   Coulomb (SR)   Coul. recip.      Potential
    4.68358e+04   -1.97019e+03   -2.83281e+05    1.16378e+03   -2.37252e+05
    Kinetic En.   Total Energy  Conserved En.    Temperature Pres. DC (bar)
    3.77352e+04   -1.99516e+05   -1.90325e+05    2.75086e+02   -1.99691e+02
 Pressure (bar)
    1.22975e+02

           Step           Time
          22500       45.00000

   Energies (kJ/mol)
        LJ (SR)  Disper. corr.   Coulomb (SR)   Coul. recip.      Potential
    4.64414e+04   -1.97635e+03   -2.82310e+05    1.12723e+03   -2.36718e+05
    Kinetic En.   Total Energy  Conserved En.    Temperature Pres. DC (bar)
    3.75883e+04   -1.99130e+05   -1.90205e+05    2.74015e+02   -2.00941e+02
 Pressure (bar)
    9.80451e+01

           Step           Time
          25000       50.00000

   Energies (kJ/mol)
        LJ (SR)  Disper. corr.   Coulomb (SR)   Coul. recip.      Potential
    4.57272e+04   -1.94244e+03   -2.81623e+05    1.19390e+03   -2.36645e+05
    Kinetic En.   Total Energy  Conserved En.    Temperature Pres. DC (bar)
    3.72820e+04   -1.99363e+05   -1.90037e+05    2.71782e+02   -1.94110e+02
 Pressure (bar)
   -4.22508e+02

           Step           Time
          27500       55.00000

   Energies (kJ/mol)
        LJ (SR)  Disper. corr.   Coulomb (SR)   Coul. recip.      Potential
    4.67954e+04   -1.96606e+03   -2.83265e+05    1.17173e+03   -2.37264e+05
    Kinetic En.   Total Energy  Conserved En.    Temperature Pres. DC (bar)
    3.77922e+04   -1.99472e+05   -1.89848e+05    2.75501e+02   -1.98857e+02
 Pressure (bar)
    7.58975e+01

           Step           Time
          30000       60.00000

   Energies (kJ/mol)
        LJ (SR)  Disper. corr.   Coulomb (SR)   Coul. recip.      Potential
    4.62991e+04   -1.97328e+03   -2.81628e+05    1.14237e+03   -2.36160e+05
    Kinetic En.   Total Energy  Conserved En.    Temperature Pres. DC (bar)
    3.79404e+04   -1.98219e+05   -1.89712e+05    2.76582e+02   -2.00319e+02
 Pressure (bar)
    1.52756e+02

           Step           Time
          32500       65.00000

   Energies (kJ/mol)
        LJ (SR)  Disper. corr.   Coulomb (SR)   Coul. recip.      Potential
    4.65128e+04   -1.97470e+03   -2.82144e+05    1.20456e+03   -2.36401e+05
    Kinetic En.   Total Energy  Conserved En.    Temperature Pres. DC (bar)
    3.80645e+04   -1.98336e+05   -1.89601e+05    2.77487e+02   -2.00607e+02
 Pressure (bar)
    1.30456e+02

           Step           Time
          35000       70.00000

   Energies (kJ/mol)
        LJ (SR)  Disper. corr.   Coulomb (SR)   Coul. recip.      Potential
    4.61276e+04   -1.97801e+03   -2.81554e+05    1.17741e+03   -2.36226e+05
    Kinetic En.   Total Energy  Conserved En.    Temperature Pres. DC (bar)
    3.72914e+04   -1.98935e+05   -1.89467e+05    2.71850e+02   -2.01278e+02
 Pressure (bar)
    5.05512e+01

           Step           Time
          37500       75.00000

   Energies (kJ/mol)
        LJ (SR)  Disper. corr.   Coulomb (SR)   Coul. recip.      Potential
    4.61626e+04   -1.97223e+03   -2.81556e+05    1.20684e+03   -2.36159e+05
    Kinetic En.   Total Energy  Conserved En.    Temperature Pres. DC (bar)
    3.73819e+04   -1.98777e+05   -1.89347e+05    2.72510e+02   -2.00106e+02
 Pressure (bar)
    4.69616e+01

           Step           Time
          40000       80.00000

   Energies (kJ/mol)
        LJ (SR)  Disper. corr.   Coulomb (SR)   Coul. recip.      Potential
    4.64534e+04   -1.97187e+03   -2.82840e+05    1.15953e+03   -2.37199e+05
    Kinetic En.   Total Energy  Conserved En.    Temperature Pres. DC (bar)
    3.72162e+04   -1.99982e+05   -1.89201e+05    2.71302e+02   -2.00033e+02
 Pressure (bar)
    5.36656e+00

           Step           Time
          42500       85.00000

   Energies (kJ/mol)
        LJ (SR)  Disper. corr.   Coulomb (SR)   Coul. recip.      Potential
    4.59090e+04   -1.97431e+03   -2.81810e+05    1.16146e+03   -2.36714e+05
    Kinetic En.   Total Energy  Conserved En.    Temperature Pres. DC (bar)
    3.75234e+04   -1.99190e+05   -1.89087e+05    2.73542e+02   -2.00527e+02
 Pressure (bar)
   -6.26949e+01

           Step           Time
          45000       90.00000

   Energies (kJ/mol)
        LJ (SR)  Disper. corr.   Coulomb (SR)   Coul. recip.      Potential
    4.58832e+04   -1.98049e+03   -2.82096e+05    1.17960e+03   -2.37013e+05
    Kinetic En.   Total Energy  Conserved En.    Temperature Pres. DC (bar)
    3.79038e+04   -1.99109e+05   -1.88941e+05    2.76315e+02   -2.01783e+02
 Pressure (bar)
   -7.50213e+01

           Step           Time
          47500       95.00000

   Energies (kJ/mol)
        LJ (SR)  Disper. corr.   Coulomb (SR)   Coul. recip.      Potential
    4.60788e+04   -1.96042e+03   -2.82712e+05    1.14868e+03   -2.37445e+05
    Kinetic En.   Total Energy  Conserved En.    Temperature Pres. DC (bar)
    3.75303e+04   -1.99915e+05   -1.88814e+05    2.73592e+02   -1.97717e+02
 Pressure (bar)
   -2.23948e+02

           Step           Time
          50000      100.00000

   Energies (kJ/mol)
        LJ (SR)  Disper. corr.   Coulomb (SR)   Coul. recip.      Potential
    4.73785e+04   -1.99093e+03   -2.83306e+05    1.20947e+03   -2.36709e+05
    Kinetic En.   Total Energy  Conserved En.    Temperature Pres. DC (bar)
    3.75669e+04   -1.99143e+05   -1.88631e+05    2.73859e+02   -2.03914e+02
 Pressure (bar)
    5.09387e+02

           Step           Time
          52500      105.00000

   Energies (kJ/mol)
        LJ (SR)  Disper. corr.   Coulomb (SR)   Coul. recip.      Potential
    4.65811e+04   -1.96708e+03   -2.82958e+05    1.15920e+03   -2.37184e+05
    Kinetic En.   Total Energy  Conserved En.    Temperature Pres. DC (bar)
    3.73180e+04   -1.99866e+05   -1.88506e+05    2.72044e+02   -1.99063e+02
 Pressure (bar)
   -3.79638e+01

           Step           Time
          55000      110.00000

   Energies (kJ/mol)
        LJ (SR)  Disper. corr.   Coulomb (SR)   Coul. recip.      Potential
    4.59383e+04   -1.96960e+03   -2.81377e+05    1.12663e+03   -2.36282e+05
    Kinetic En.   Total Energy  Conserved En.    Temperature Pres. DC (bar)
    3.73929e+04   -1.98889e+05   -1.88347e+05    2.72590e+02   -1.99573e+02
 Pressure (bar)
   -4.75694e+01

           Step           Time
          57500      115.00000

   Energies (kJ/mol)
        LJ (SR)  Disper. corr.   Coulomb (SR)   Coul. recip.      Potential
    4.67447e+04   -1.98822e+03   -2.83561e+05    1.17548e+03   -2.37629e+05
    Kinetic En.   Total Energy  Conserved En.    Temperature Pres. DC (bar)
    3.74693e+04   -2.00159e+05   -1.88239e+05    2.73147e+02   -2.03361e+02
 Pressure (bar)
    1.62378e+02

           Step           Time
          60000      120.00000

   Energies (kJ/mol)
        LJ (SR)  Disper. corr.   Coulomb (SR)   Coul. recip.      Potential
    4.64604e+04   -1.96132e+03   -2.82496e+05    1.18644e+03   -2.36811e+05
    Kinetic En.   Total Energy  Conserved En.    Temperature Pres. DC (bar)
    3.73965e+04   -1.99414e+05   -1.88091e+05    2.72617e+02   -1.97898e+02
 Pressure (bar)
   -4.07138e+01

           Step           Time
          62500      125.00000

   Energies (kJ/mol)
        LJ (SR)  Disper. corr.   Coulomb (SR)   Coul. recip.      Potential
    4.64317e+04   -1.96067e+03   -2.82932e+05    1.18560e+03   -2.37276e+05
    Kinetic En.   Total Energy  Conserved En.    Temperature Pres. DC (bar)
    3.72829e+04   -1.99993e+05   -1.87950e+05    2.71789e+02   -1.97769e+02
 Pressure (bar)
   -1.11469e+02

           Step           Time
          65000      130.00000

   Energies (kJ/mol)
        LJ (SR)  Disper. corr.   Coulomb (SR)   Coul. recip.      Potential
    4.57355e+04   -1.95791e+03   -2.81556e+05    1.16510e+03   -2.36613e+05
    Kinetic En.   Total Energy  Conserved En.    Temperature Pres. DC (bar)
    3.76596e+04   -1.98953e+05   -1.87787e+05    2.74534e+02   -1.97212e+02
 Pressure (bar)
   -2.50164e+02

           Step           Time
          67500      135.00000

   Energies (kJ/mol)
        LJ (SR)  Disper. corr.   Coulomb (SR)   Coul. recip.      Potential
    4.52719e+04   -1.95987e+03   -2.80842e+05    1.13587e+03   -2.36394e+05
    Kinetic En.   Total Energy  Conserved En.    Temperature Pres. DC (bar)
    3.71080e+04   -1.99286e+05   -1.87612e+05    2.70513e+02   -1.97607e+02
 Pressure (bar)
   -4.21710e+02

           Step           Time
          70000      140.00000

   Energies (kJ/mol)
        LJ (SR)  Disper. corr.   Coulomb (SR)   Coul. recip.      Potential
    4.64007e+04   -1.97691e+03   -2.82149e+05    1.19180e+03   -2.36533e+05
    Kinetic En.   Total Energy  Conserved En.    Temperature Pres. DC (bar)
    3.71301e+04   -1.99403e+05   -1.87468e+05    2.70675e+02   -2.01055e+02
 Pressure (bar)
    6.92016e+01

           Step           Time
          72500      145.00000

   Energies (kJ/mol)
        LJ (SR)  Disper. corr.   Coulomb (SR)   Coul. recip.      Potential
    4.63651e+04   -1.96723e+03   -2.82031e+05    1.20911e+03   -2.36424e+05
    Kinetic En.   Total Energy  Conserved En.    Temperature Pres. DC (bar)
    3.69486e+04   -1.99475e+05   -1.87351e+05    2.69351e+02   -1.99092e+02
 Pressure (bar)
   -4.02509e+01

           Step           Time
          75000      150.00000

   Energies (kJ/mol)
        LJ (SR)  Disper. corr.   Coulomb (SR)   Coul. recip.      Potential
    4.61334e+04   -1.98272e+03   -2.81822e+05    1.15680e+03   -2.36515e+05
    Kinetic En.   Total Energy  Conserved En.    Temperature Pres. DC (bar)
    3.73406e+04   -1.99174e+05   -1.87244e+05    2.72209e+02   -2.02238e+02
 Pressure (bar)
    1.14784e+02

           Step           Time
          77500      155.00000

   Energies (kJ/mol)
        LJ (SR)  Disper. corr.   Coulomb (SR)   Coul. recip.      Potential
    4.72774e+04   -1.99332e+03   -2.83867e+05    1.17252e+03   -2.37410e+05
    Kinetic En.   Total Energy  Conserved En.    Temperature Pres. DC (bar)
    3.73774e+04   -2.00033e+05   -1.87135e+05    2.72478e+02   -2.04404e+02
 Pressure (bar)
    3.66912e+02

           Step           Time
          80000      160.00000

   Energies (kJ/mol)
        LJ (SR)  Disper. corr.   Coulomb (SR)   Coul. recip.      Potential
    4.68517e+04   -1.97734e+03   -2.83997e+05    1.13920e+03   -2.37983e+05
    Kinetic En.   Total Energy  Conserved En.    Temperature Pres. DC (bar)
    3.76368e+04   -2.00346e+05   -1.86971e+05    2.74368e+02   -2.01142e+02
 Pressure (bar)
    7.41070e+00

           Step           Time
          82500      165.00000

   Energies (kJ/mol)
        LJ (SR)  Disper. corr.   Coulomb (SR)   Coul. recip.      Potential
    4.71734e+04   -1.98029e+03   -2.83514e+05    1.15049e+03   -2.37171e+05
    Kinetic En.   Total Energy  Conserved En.    Temperature Pres. DC (bar)
    3.74027e+04   -1.99768e+05   -1.86780e+05    2.72662e+02   -2.01743e+02
 Pressure (bar)
    2.51667e+02

           Step           Time
          85000      170.00000

   Energies (kJ/mol)
        LJ (SR)  Disper. corr.   Coulomb (SR)   Coul. recip.      Potential
    4.63457e+04   -1.97745e+03   -2.81993e+05    1.12419e+03   -2.36501e+05
    Kinetic En.   Total Energy  Conserved En.    Temperature Pres. DC (bar)
    3.72626e+04   -1.99238e+05   -1.86644e+05    2.71640e+02   -2.01166e+02
 Pressure (bar)
    1.23691e+02

           Step           Time
          87500      175.00000

   Energies (kJ/mol)
        LJ (SR)  Disper. corr.   Coulomb (SR)   Coul. recip.      Potential
    4.60561e+04   -1.95958e+03   -2.82317e+05    1.17719e+03   -2.37043e+05
    Kinetic En.   Total Energy  Conserved En.    Temperature Pres. DC (bar)
    3.75872e+04   -1.99456e+05   -1.86518e+05    2.74007e+02   -1.97549e+02
 Pressure (bar)
   -2.35542e+02

           Step           Time
          90000      180.00000

   Energies (kJ/mol)
        LJ (SR)  Disper. corr.   Coulomb (SR)   Coul. recip.      Potential
    4.68571e+04   -1.97583e+03   -2.83224e+05    1.15307e+03   -2.37190e+05
    Kinetic En.   Total Energy  Conserved En.    Temperature Pres. DC (bar)
    3.69874e+04   -2.00203e+05   -1.86352e+05    2.69635e+02   -2.00836e+02
 Pressure (bar)
    1.01014e+02

           Step           Time
          92500      185.00000

   Energies (kJ/mol)
        LJ (SR)  Disper. corr.   Coulomb (SR)   Coul. recip.      Potential
    4.61832e+04   -1.96353e+03   -2.82265e+05    1.17711e+03   -2.36868e+05
    Kinetic En.   Total Energy  Conserved En.    Temperature Pres. DC (bar)
    3.65536e+04   -2.00314e+05   -1.86226e+05    2.66472e+02   -1.98345e+02
 Pressure (bar)
   -9.35486e+01

           Step           Time
          95000      190.00000

   Energies (kJ/mol)
        LJ (SR)  Disper. corr.   Coulomb (SR)   Coul. recip.      Potential
    4.71409e+04   -1.98158e+03   -2.83354e+05    1.16867e+03   -2.37026e+05
    Kinetic En.   Total Energy  Conserved En.    Temperature Pres. DC (bar)
    3.69265e+04   -2.00099e+05   -1.86025e+05    2.69190e+02   -2.02006e+02
 Pressure (bar)
    2.92548e+02

           Step           Time
          97500      195.00000

   Energies (kJ/mol)
        LJ (SR)  Disper. corr.   Coulomb (SR)   Coul. recip.      Potential
    4.56596e+04   -1.98533e+03   -2.81872e+05    1.17326e+03   -2.37024e+05
    Kinetic En.   Total Energy  Conserved En.    Temperature Pres. DC (bar)
    3.74302e+04   -1.99594e+05   -1.85873e+05    2.72862e+02   -2.02770e+02
 Pressure (bar)
   -1.02107e+02

           Step           Time
         100000      200.00000

   Energies (kJ/mol)
        LJ (SR)  Disper. corr.   Coulomb (SR)   Coul. recip.      Potential
    4.59049e+04   -1.97149e+03   -2.82881e+05    1.17642e+03   -2.37771e+05
    Kinetic En.   Total Energy  Conserved En.    Temperature Pres. DC (bar)
    3.73801e+04   -2.00391e+05   -1.85748e+05    2.72497e+02   -1.99954e+02
 Pressure (bar)
   -2.45745e+02

           Step           Time
         102500      205.00000

   Energies (kJ/mol)
        LJ (SR)  Disper. corr.   Coulomb (SR)   Coul. recip.      Potential
    4.67017e+04   -1.97655e+03   -2.83169e+05    1.15182e+03   -2.37292e+05
    Kinetic En.   Total Energy  Conserved En.    Temperature Pres. DC (bar)
    3.82114e+04   -1.99081e+05   -1.85595e+05    2.78557e+02   -2.00982e+02
 Pressure (bar)
    1.10760e+02

           Step           Time
         105000      210.00000

   Energies (kJ/mol)
        LJ (SR)  Disper. corr.   Coulomb (SR)   Coul. recip.      Potential
    4.67619e+04   -1.97958e+03   -2.83013e+05    1.13606e+03   -2.37095e+05
    Kinetic En.   Total Energy  Conserved En.    Temperature Pres. DC (bar)
    3.71418e+04   -1.99953e+05   -1.85469e+05    2.70760e+02   -2.01599e+02
 Pressure (bar)
    1.66452e+02

           Step           Time
         107500      215.00000

   Energies (kJ/mol)
        LJ (SR)  Disper. corr.   Coulomb (SR)   Coul. recip.      Potential
    4.62410e+04   -1.98036e+03   -2.82831e+05    1.14272e+03   -2.37427e+05
    Kinetic En.   Total Energy  Conserved En.    Temperature Pres. DC (bar)
    3.75740e+04   -1.99853e+05   -1.85366e+05    2.73910e+02   -2.01757e+02
 Pressure (bar)
   -8.34422e+01

           Step           Time
         110000      220.00000

   Energies (kJ/mol)
        LJ (SR)  Disper. corr.   Coulomb (SR)   Coul. recip.      Potential
    4.57919e+04   -1.98347e+03   -2.81963e+05    1.17311e+03   -2.36981e+05
    Kinetic En.   Total Energy  Conserved En.    Temperature Pres. DC (bar)
    3.76481e+04   -1.99333e+05   -1.85194e+05    2.74451e+02   -2.02391e+02
 Pressure (bar)
   -5.50394e+01

           Step           Time
         112500      225.00000

   Energies (kJ/mol)
        LJ (SR)  Disper. corr.   Coulomb (SR)   Coul. recip.      Potential
    4.62601e+04   -1.96555e+03   -2.81756e+05    1.20040e+03   -2.36261e+05
    Kinetic En.   Total Energy  Conserved En.    Temperature Pres. DC (bar)
    3.71929e+04   -1.99069e+05   -1.85065e+05    2.71133e+02   -1.98754e+02
 Pressure (bar)
    2.50885e+01

Writing checkpoint, step 114900 at Tue Feb 25 21:47:25 2025


           Step           Time
         115000      230.00000

   Energies (kJ/mol)
        LJ (SR)  Disper. corr.   Coulomb (SR)   Coul. recip.      Potential
    4.59688e+04   -1.98990e+03   -2.81901e+05    1.09538e+03   -2.36826e+05
    Kinetic En.   Total Energy  Conserved En.    Temperature Pres. DC (bar)
    3.78096e+04   -1.99017e+05   -1.84956e+05    2.75628e+02   -2.03703e+02
 Pressure (bar)
    6.86564e+01

           Step           Time
         117500      235.00000

   Energies (kJ/mol)
        LJ (SR)  Disper. corr.   Coulomb (SR)   Coul. recip.      Potential
    4.52919e+04   -1.96367e+03   -2.80763e+05    1.16196e+03   -2.36273e+05
    Kinetic En.   Total Energy  Conserved En.    Temperature Pres. DC (bar)
    3.76027e+04   -1.98670e+05   -1.84814e+05    2.74120e+02   -1.98373e+02
 Pressure (bar)
   -2.89824e+02

           Step           Time
         120000      240.00000

   Energies (kJ/mol)
        LJ (SR)  Disper. corr.   Coulomb (SR)   Coul. recip.      Potential
    4.71299e+04   -1.98782e+03   -2.83574e+05    1.16136e+03   -2.37271e+05
    Kinetic En.   Total Energy  Conserved En.    Temperature Pres. DC (bar)
    3.74907e+04   -1.99780e+05   -1.84658e+05    2.73303e+02   -2.03278e+02
 Pressure (bar)
    2.69363e+02

           Step           Time
         122500      245.00000

   Energies (kJ/mol)
        LJ (SR)  Disper. corr.   Coulomb (SR)   Coul. recip.      Potential
    4.69148e+04   -1.98500e+03   -2.83435e+05    1.14882e+03   -2.37356e+05
    Kinetic En.   Total Energy  Conserved En.    Temperature Pres. DC (bar)
    3.72342e+04   -2.00122e+05   -1.84508e+05    2.71434e+02   -2.02703e+02
 Pressure (bar)
    1.55662e+02

           Step           Time
         125000      250.00000

   Energies (kJ/mol)
        LJ (SR)  Disper. corr.   Coulomb (SR)   Coul. recip.      Potential
    4.56067e+04   -1.95798e+03   -2.81793e+05    1.17563e+03   -2.36968e+05
    Kinetic En.   Total Energy  Conserved En.    Temperature Pres. DC (bar)
    3.66451e+04   -2.00323e+05   -1.84382e+05    2.67139e+02   -1.97227e+02
 Pressure (bar)
   -3.81960e+02

           Step           Time
         127500      255.00000

   Energies (kJ/mol)
        LJ (SR)  Disper. corr.   Coulomb (SR)   Coul. recip.      Potential
    4.60534e+04   -1.96333e+03   -2.82206e+05    1.21110e+03   -2.36905e+05
    Kinetic En.   Total Energy  Conserved En.    Temperature Pres. DC (bar)
    3.76625e+04   -1.99242e+05   -1.84234e+05    2.74555e+02   -1.98305e+02
 Pressure (bar)
   -1.87445e+02

           Step           Time
         130000      260.00000

   Energies (kJ/mol)
        LJ (SR)  Disper. corr.   Coulomb (SR)   Coul. recip.      Potential
    4.69937e+04   -1.97580e+03   -2.83429e+05    1.13351e+03   -2.37278e+05
    Kinetic En.   Total Energy  Conserved En.    Temperature Pres. DC (bar)
    3.72468e+04   -2.00031e+05   -1.84065e+05    2.71526e+02   -2.00829e+02
 Pressure (bar)
    1.27526e+02

           Step           Time
         132500      265.00000

   Energies (kJ/mol)
        LJ (SR)  Disper. corr.   Coulomb (SR)   Coul. recip.      Potential
    4.68835e+04   -1.96444e+03   -2.82749e+05    1.14193e+03   -2.36688e+05
    Kinetic En.   Total Energy  Conserved En.    Temperature Pres. DC (bar)
    3.77364e+04   -1.98952e+05   -1.83919e+05    2.75094e+02   -1.98529e+02
 Pressure (bar)
    1.91603e+02

           Step           Time
         135000      270.00000

   Energies (kJ/mol)
        LJ (SR)  Disper. corr.   Coulomb (SR)   Coul. recip.      Potential
    4.64620e+04   -1.97206e+03   -2.82643e+05    1.16634e+03   -2.36986e+05
    Kinetic En.   Total Energy  Conserved En.    Temperature Pres. DC (bar)
    3.73807e+04   -1.99606e+05   -1.83808e+05    2.72502e+02   -2.00071e+02
 Pressure (bar)
    6.85577e+01

           Step           Time
         137500      275.00000

   Energies (kJ/mol)
        LJ (SR)  Disper. corr.   Coulomb (SR)   Coul. recip.      Potential
    4.71751e+04   -1.98636e+03   -2.83124e+05    1.13259e+03   -2.36803e+05
    Kinetic En.   Total Energy  Conserved En.    Temperature Pres. DC (bar)
    3.74989e+04   -1.99304e+05   -1.83641e+05    2.73363e+02   -2.02980e+02
 Pressure (bar)
    3.82080e+02

           Step           Time
         140000      280.00000

   Energies (kJ/mol)
        LJ (SR)  Disper. corr.   Coulomb (SR)   Coul. recip.      Potential
    4.58055e+04   -1.94881e+03   -2.81238e+05    1.17833e+03   -2.36204e+05
    Kinetic En.   Total Energy  Conserved En.    Temperature Pres. DC (bar)
    3.75336e+04   -1.98670e+05   -1.83466e+05    2.73616e+02   -1.95385e+02
 Pressure (bar)
   -2.36894e+02

           Step           Time
         142500      285.00000

   Energies (kJ/mol)
        LJ (SR)  Disper. corr.   Coulomb (SR)   Coul. recip.      Potential
    4.68859e+04   -1.97597e+03   -2.83155e+05    1.15908e+03   -2.37086e+05
    Kinetic En.   Total Energy  Conserved En.    Temperature Pres. DC (bar)
    3.77537e+04   -1.99332e+05   -1.83259e+05    2.75221e+02   -2.00863e+02
 Pressure (bar)
    2.00193e+02

           Step           Time
         145000      290.00000

   Energies (kJ/mol)
        LJ (SR)  Disper. corr.   Coulomb (SR)   Coul. recip.      Potential
    4.62435e+04   -1.97437e+03   -2.81475e+05    1.20301e+03   -2.36003e+05
    Kinetic En.   Total Energy  Conserved En.    Temperature Pres. DC (bar)
    3.77689e+04   -1.98234e+05   -1.83108e+05    2.75331e+02   -2.00539e+02
 Pressure (bar)
    1.19157e+02

           Step           Time
         147500      295.00000

   Energies (kJ/mol)
        LJ (SR)  Disper. corr.   Coulomb (SR)   Coul. recip.      Potential
    4.72062e+04   -1.98589e+03   -2.83122e+05    1.19185e+03   -2.36709e+05
    Kinetic En.   Total Energy  Conserved En.    Temperature Pres. DC (bar)
    3.73547e+04   -1.99355e+05   -1.82958e+05    2.72312e+02   -2.02885e+02
 Pressure (bar)
    3.89039e+02

           Step           Time
         150000      300.00000

   Energies (kJ/mol)
        LJ (SR)  Disper. corr.   Coulomb (SR)   Coul. recip.      Potential
    4.79700e+04   -1.99556e+03   -2.84802e+05    1.20695e+03   -2.37620e+05
    Kinetic En.   Total Energy  Conserved En.    Temperature Pres. DC (bar)
    3.74510e+04   -2.00169e+05   -1.82836e+05    2.73014e+02   -2.04863e+02
 Pressure (bar)
    6.17201e+02

           Step           Time
         152500      305.00000

   Energies (kJ/mol)
        LJ (SR)  Disper. corr.   Coulomb (SR)   Coul. recip.      Potential
    4.47413e+04   -1.95111e+03   -2.80295e+05    1.21731e+03   -2.36288e+05
    Kinetic En.   Total Energy  Conserved En.    Temperature Pres. DC (bar)
    3.79274e+04   -1.98360e+05   -1.82707e+05    2.76487e+02   -1.95846e+02
 Pressure (bar)
   -5.85812e+02

           Step           Time
         155000      310.00000

   Energies (kJ/mol)
        LJ (SR)  Disper. corr.   Coulomb (SR)   Coul. recip.      Potential
    4.73664e+04   -1.97406e+03   -2.83789e+05    1.12349e+03   -2.37274e+05
    Kinetic En.   Total Energy  Conserved En.    Temperature Pres. DC (bar)
    3.77072e+04   -1.99566e+05   -1.82531e+05    2.74881e+02   -2.00476e+02
 Pressure (bar)
    3.08957e+02

           Step           Time
         157500      315.00000

   Energies (kJ/mol)
        LJ (SR)  Disper. corr.   Coulomb (SR)   Coul. recip.      Potential
    4.66947e+04   -1.97178e+03   -2.82599e+05    1.11441e+03   -2.36762e+05
    Kinetic En.   Total Energy  Conserved En.    Temperature Pres. DC (bar)
    3.74133e+04   -1.99349e+05   -1.82337e+05    2.72739e+02   -2.00014e+02
 Pressure (bar)
    1.38223e+02

           Step           Time
         160000      320.00000

   Energies (kJ/mol)
        LJ (SR)  Disper. corr.   Coulomb (SR)   Coul. recip.      Potential
    4.60452e+04   -1.97542e+03   -2.81960e+05    1.15179e+03   -2.36739e+05
    Kinetic En.   Total Energy  Conserved En.    Temperature Pres. DC (bar)
    3.74949e+04   -1.99244e+05   -1.82219e+05    2.73334e+02   -2.00753e+02
 Pressure (bar)
   -1.25704e+01

           Step           Time
         162500      325.00000

   Energies (kJ/mol)
        LJ (SR)  Disper. corr.   Coulomb (SR)   Coul. recip.      Potential
    4.65030e+04   -1.97867e+03   -2.83123e+05    1.16416e+03   -2.37434e+05
    Kinetic En.   Total Energy  Conserved En.    Temperature Pres. DC (bar)
    3.72939e+04   -2.00140e+05   -1.82072e+05    2.71868e+02   -2.01414e+02
 Pressure (bar)
    5.66192e+01

           Step           Time
         165000      330.00000

   Energies (kJ/mol)
        LJ (SR)  Disper. corr.   Coulomb (SR)   Coul. recip.      Potential
    4.67798e+04   -1.97150e+03   -2.82466e+05    1.18155e+03   -2.36476e+05
    Kinetic En.   Total Energy  Conserved En.    Temperature Pres. DC (bar)
    3.74817e+04   -1.98994e+05   -1.81909e+05    2.73238e+02   -1.99958e+02
 Pressure (bar)
    2.71799e+02

           Step           Time
         167500      335.00000

   Energies (kJ/mol)
        LJ (SR)  Disper. corr.   Coulomb (SR)   Coul. recip.      Potential
    4.59612e+04   -1.97363e+03   -2.81763e+05    1.17457e+03   -2.36601e+05
    Kinetic En.   Total Energy  Conserved En.    Temperature Pres. DC (bar)
    3.74529e+04   -1.99148e+05   -1.81755e+05    2.73028e+02   -2.00389e+02
 Pressure (bar)
   -9.59208e+01

           Step           Time
         170000      340.00000

   Energies (kJ/mol)
        LJ (SR)  Disper. corr.   Coulomb (SR)   Coul. recip.      Potential
    4.66915e+04   -1.99082e+03   -2.82226e+05    1.12147e+03   -2.36404e+05
    Kinetic En.   Total Energy  Conserved En.    Temperature Pres. DC (bar)
    3.73508e+04   -1.99053e+05   -1.81586e+05    2.72283e+02   -2.03892e+02
 Pressure (bar)
    3.21397e+02

           Step           Time
         172500      345.00000

   Energies (kJ/mol)
        LJ (SR)  Disper. corr.   Coulomb (SR)   Coul. recip.      Potential
    4.62279e+04   -1.95516e+03   -2.82507e+05    1.21636e+03   -2.37018e+05
    Kinetic En.   Total Energy  Conserved En.    Temperature Pres. DC (bar)
    3.76985e+04   -1.99319e+05   -1.81451e+05    2.74818e+02   -1.96659e+02
 Pressure (bar)
   -1.13612e+02

           Step           Time
         175000      350.00000

   Energies (kJ/mol)
        LJ (SR)  Disper. corr.   Coulomb (SR)   Coul. recip.      Potential
    4.59687e+04   -1.97401e+03   -2.83123e+05    1.09137e+03   -2.38037e+05
    Kinetic En.   Total Energy  Conserved En.    Temperature Pres. DC (bar)
    3.71343e+04   -2.00902e+05   -1.81328e+05    2.70705e+02   -2.00467e+02
 Pressure (bar)
   -2.90444e+02

           Step           Time
         177500      355.00000

   Energies (kJ/mol)
        LJ (SR)  Disper. corr.   Coulomb (SR)   Coul. recip.      Potential
    4.70353e+04   -1.97044e+03   -2.82788e+05    1.16341e+03   -2.36560e+05
    Kinetic En.   Total Energy  Conserved En.    Temperature Pres. DC (bar)
    3.76176e+04   -1.98942e+05   -1.81183e+05    2.74228e+02   -1.99742e+02
 Pressure (bar)
    2.71691e+02

           Step           Time
         180000      360.00000

   Energies (kJ/mol)
        LJ (SR)  Disper. corr.   Coulomb (SR)   Coul. recip.      Potential
    4.60535e+04   -1.97689e+03   -2.82922e+05    1.13218e+03   -2.37713e+05
    Kinetic En.   Total Energy  Conserved En.    Temperature Pres. DC (bar)
    3.72142e+04   -2.00499e+05   -1.81073e+05    2.71288e+02   -2.01051e+02
 Pressure (bar)
   -1.54247e+02

           Step           Time
         182500      365.00000

   Energies (kJ/mol)
        LJ (SR)  Disper. corr.   Coulomb (SR)   Coul. recip.      Potential
    4.56161e+04   -1.95659e+03   -2.81009e+05    1.16927e+03   -2.36181e+05
    Kinetic En.   Total Energy  Conserved En.    Temperature Pres. DC (bar)
    3.72226e+04   -1.98958e+05   -1.80936e+05    2.71349e+02   -1.96948e+02
 Pressure (bar)
   -2.53635e+02

           Step           Time
         185000      370.00000

   Energies (kJ/mol)
        LJ (SR)  Disper. corr.   Coulomb (SR)   Coul. recip.      Potential
    4.68888e+04   -1.97090e+03   -2.82829e+05    1.17388e+03   -2.36737e+05
    Kinetic En.   Total Energy  Conserved En.    Temperature Pres. DC (bar)
    3.74126e+04   -1.99325e+05   -1.80793e+05    2.72734e+02   -1.99835e+02
 Pressure (bar)
    1.77345e+02

           Step           Time
         187500      375.00000

   Energies (kJ/mol)
        LJ (SR)  Disper. corr.   Coulomb (SR)   Coul. recip.      Potential
    4.67199e+04   -1.96178e+03   -2.82989e+05    1.12190e+03   -2.37109e+05
    Kinetic En.   Total Energy  Conserved En.    Temperature Pres. DC (bar)
    3.72208e+04   -1.99888e+05   -1.80603e+05    2.71336e+02   -1.97992e+02
 Pressure (bar)
    1.71814e+01

           Step           Time
         190000      380.00000

   Energies (kJ/mol)
        LJ (SR)  Disper. corr.   Coulomb (SR)   Coul. recip.      Potential
    4.72054e+04   -1.98081e+03   -2.83843e+05    1.14535e+03   -2.37473e+05
    Kinetic En.   Total Energy  Conserved En.    Temperature Pres. DC (bar)
    3.78743e+04   -1.99599e+05   -1.80376e+05    2.76100e+02   -2.01849e+02
 Pressure (bar)
    2.97137e+02

           Step           Time
         192500      385.00000

   Energies (kJ/mol)
        LJ (SR)  Disper. corr.   Coulomb (SR)   Coul. recip.      Potential
    4.74426e+04   -1.97725e+03   -2.84558e+05    1.14772e+03   -2.37945e+05
    Kinetic En.   Total Energy  Conserved En.    Temperature Pres. DC (bar)
    3.78961e+04   -2.00049e+05   -1.80273e+05    2.76259e+02   -2.01125e+02
 Pressure (bar)
    2.46872e+02

           Step           Time
         195000      390.00000

   Energies (kJ/mol)
        LJ (SR)  Disper. corr.   Coulomb (SR)   Coul. recip.      Potential
    4.66746e+04   -1.97021e+03   -2.83963e+05    1.18935e+03   -2.38069e+05
    Kinetic En.   Total Energy  Conserved En.    Temperature Pres. DC (bar)
    3.72966e+04   -2.00773e+05   -1.80098e+05    2.71888e+02   -1.99695e+02
 Pressure (bar)
   -9.40002e+01

           Step           Time
         197500      395.00000

   Energies (kJ/mol)
        LJ (SR)  Disper. corr.   Coulomb (SR)   Coul. recip.      Potential
    4.63431e+04   -1.97407e+03   -2.82434e+05    1.15147e+03   -2.36913e+05
    Kinetic En.   Total Energy  Conserved En.    Temperature Pres. DC (bar)
    3.74731e+04   -1.99440e+05   -1.79936e+05    2.73175e+02   -2.00478e+02
 Pressure (bar)
   -7.86985e+00

           Step           Time
         200000      400.00000

   Energies (kJ/mol)
        LJ (SR)  Disper. corr.   Coulomb (SR)   Coul. recip.      Potential
    4.62706e+04   -1.98001e+03   -2.82429e+05    1.19784e+03   -2.36941e+05
    Kinetic En.   Total Energy  Conserved En.    Temperature Pres. DC (bar)
    3.75216e+04   -1.99419e+05   -1.79719e+05    2.73529e+02   -2.01686e+02
 Pressure (bar)
    3.59952e+01

           Step           Time
         202500      405.00000

   Energies (kJ/mol)
        LJ (SR)  Disper. corr.   Coulomb (SR)   Coul. recip.      Potential
    4.59225e+04   -1.97408e+03   -2.81731e+05    1.16277e+03   -2.36620e+05
    Kinetic En.   Total Energy  Conserved En.    Temperature Pres. DC (bar)
    3.76858e+04   -1.98934e+05   -1.79571e+05    2.74725e+02   -2.00480e+02
 Pressure (bar)
   -1.52525e+01

           Step           Time
         205000      410.00000

   Energies (kJ/mol)
        LJ (SR)  Disper. corr.   Coulomb (SR)   Coul. recip.      Potential
    4.62169e+04   -1.96832e+03   -2.82165e+05    1.17863e+03   -2.36738e+05
    Kinetic En.   Total Energy  Conserved En.    Temperature Pres. DC (bar)
    3.73351e+04   -1.99403e+05   -1.79438e+05    2.72169e+02   -1.99313e+02
 Pressure (bar)
   -5.81750e+01

           Step           Time
         207500      415.00000

   Energies (kJ/mol)
        LJ (SR)  Disper. corr.   Coulomb (SR)   Coul. recip.      Potential
    4.62177e+04   -1.97831e+03   -2.82666e+05    1.17707e+03   -2.37249e+05
    Kinetic En.   Total Energy  Conserved En.    Temperature Pres. DC (bar)
    3.74479e+04   -1.99801e+05   -1.79275e+05    2.72991e+02   -2.01339e+02
 Pressure (bar)
   -1.85098e+01

           Step           Time
         210000      420.00000

   Energies (kJ/mol)
        LJ (SR)  Disper. corr.   Coulomb (SR)   Coul. recip.      Potential
    4.68254e+04   -1.96323e+03   -2.82836e+05    1.14941e+03   -2.36824e+05
    Kinetic En.   Total Energy  Conserved En.    Temperature Pres. DC (bar)
    3.69207e+04   -1.99904e+05   -1.79142e+05    2.69148e+02   -1.98286e+02
 Pressure (bar)
    9.15768e+01

           Step           Time
         212500      425.00000

   Energies (kJ/mol)
        LJ (SR)  Disper. corr.   Coulomb (SR)   Coul. recip.      Potential
    4.60995e+04   -1.98764e+03   -2.82614e+05    1.18688e+03   -2.37315e+05
    Kinetic En.   Total Energy  Conserved En.    Temperature Pres. DC (bar)
    3.75936e+04   -1.99721e+05   -1.79024e+05    2.74054e+02   -2.03242e+02
 Pressure (bar)
    2.28992e+01

           Step           Time
         215000      430.00000

   Energies (kJ/mol)
        LJ (SR)  Disper. corr.   Coulomb (SR)   Coul. recip.      Potential
    4.63747e+04   -1.96998e+03   -2.82123e+05    1.19534e+03   -2.36523e+05
    Kinetic En.   Total Energy  Conserved En.    Temperature Pres. DC (bar)
    3.77146e+04   -1.98809e+05   -1.78899e+05    2.74935e+02   -1.99650e+02
 Pressure (bar)
    5.60612e+01

           Step           Time
         217500      435.00000

   Energies (kJ/mol)
        LJ (SR)  Disper. corr.   Coulomb (SR)   Coul. recip.      Potential
    4.54982e+04   -1.97129e+03   -2.80710e+05    1.15526e+03   -2.36028e+05
    Kinetic En.   Total Energy  Conserved En.    Temperature Pres. DC (bar)
    3.71245e+04   -1.98903e+05   -1.78783e+05    2.70634e+02   -1.99914e+02
 Pressure (bar)
   -1.76643e+02

           Step           Time
         220000      440.00000

   Energies (kJ/mol)
        LJ (SR)  Disper. corr.   Coulomb (SR)   Coul. recip.      Potential
    4.67593e+04   -1.96582e+03   -2.82724e+05    1.17872e+03   -2.36752e+05
    Kinetic En.   Total Energy  Conserved En.    Temperature Pres. DC (bar)
    3.77785e+04   -1.98974e+05   -1.78568e+05    2.75401e+02   -1.98808e+02
 Pressure (bar)
    1.25844e+02

           Step           Time
         222500      445.00000

   Energies (kJ/mol)
        LJ (SR)  Disper. corr.   Coulomb (SR)   Coul. recip.      Potential
    4.63873e+04   -1.96823e+03   -2.82453e+05    1.18540e+03   -2.36848e+05
    Kinetic En.   Total Energy  Conserved En.    Temperature Pres. DC (bar)
    3.76351e+04   -1.99213e+05   -1.78436e+05    2.74356e+02   -1.99296e+02
 Pressure (bar)
   -2.27967e+01

           Step           Time
         225000      450.00000

   Energies (kJ/mol)
        LJ (SR)  Disper. corr.   Coulomb (SR)   Coul. recip.      Potential
    4.68523e+04   -1.98483e+03   -2.83331e+05    1.15129e+03   -2.37312e+05
    Kinetic En.   Total Energy  Conserved En.    Temperature Pres. DC (bar)
    3.77124e+04   -1.99600e+05   -1.78309e+05    2.74920e+02   -2.02667e+02
 Pressure (bar)
    2.09742e+02

           Step           Time
         227500      455.00000

   Energies (kJ/mol)
        LJ (SR)  Disper. corr.   Coulomb (SR)   Coul. recip.      Potential
    4.57596e+04   -1.96578e+03   -2.81221e+05    1.15793e+03   -2.36269e+05
    Kinetic En.   Total Energy  Conserved En.    Temperature Pres. DC (bar)
    3.70843e+04   -1.99185e+05   -1.78180e+05    2.70340e+02   -1.98800e+02
 Pressure (bar)
   -1.40425e+02

           Step           Time
         230000      460.00000

   Energies (kJ/mol)
        LJ (SR)  Disper. corr.   Coulomb (SR)   Coul. recip.      Potential
    4.54511e+04   -1.97968e+03   -2.81799e+05    1.20584e+03   -2.37122e+05
    Kinetic En.   Total Energy  Conserved En.    Temperature Pres. DC (bar)
    3.76754e+04   -1.99446e+05   -1.78025e+05    2.74650e+02   -2.01619e+02
 Pressure (bar)
   -2.02979e+02

Writing checkpoint, step 231950 at Tue Feb 25 22:02:25 2025


           Step           Time
         232500      465.00000

   Energies (kJ/mol)
        LJ (SR)  Disper. corr.   Coulomb (SR)   Coul. recip.      Potential
    4.66399e+04   -1.98400e+03   -2.83366e+05    1.19371e+03   -2.37516e+05
    Kinetic En.   Total Energy  Conserved En.    Temperature Pres. DC (bar)
    3.72618e+04   -2.00254e+05   -1.77887e+05    2.71635e+02   -2.02499e+02
 Pressure (bar)
    1.30619e+02

           Step           Time
         235000      470.00000

   Energies (kJ/mol)
        LJ (SR)  Disper. corr.   Coulomb (SR)   Coul. recip.      Potential
    4.57615e+04   -1.96927e+03   -2.81162e+05    1.19948e+03   -2.36171e+05
    Kinetic En.   Total Energy  Conserved En.    Temperature Pres. DC (bar)
    3.74894e+04   -1.98681e+05   -1.77756e+05    2.73294e+02   -1.99506e+02
 Pressure (bar)
   -1.16551e+02

           Step           Time
         237500      475.00000

   Energies (kJ/mol)
        LJ (SR)  Disper. corr.   Coulomb (SR)   Coul. recip.      Potential
    4.68317e+04   -1.98022e+03   -2.83909e+05    1.18648e+03   -2.37871e+05
    Kinetic En.   Total Energy  Conserved En.    Temperature Pres. DC (bar)
    3.68578e+04   -2.01014e+05   -1.77639e+05    2.68689e+02   -2.01728e+02
 Pressure (bar)
    1.02473e+02

           Step           Time
         240000      480.00000

   Energies (kJ/mol)
        LJ (SR)  Disper. corr.   Coulomb (SR)   Coul. recip.      Potential
    4.67069e+04   -1.97714e+03   -2.83199e+05    1.16408e+03   -2.37305e+05
    Kinetic En.   Total Energy  Conserved En.    Temperature Pres. DC (bar)
    3.72563e+04   -2.00048e+05   -1.77472e+05    2.71595e+02   -2.01102e+02
 Pressure (bar)
    9.03985e+01

           Step           Time
         242500      485.00000

   Energies (kJ/mol)
        LJ (SR)  Disper. corr.   Coulomb (SR)   Coul. recip.      Potential
    4.66971e+04   -1.98475e+03   -2.83032e+05    1.18168e+03   -2.37138e+05
    Kinetic En.   Total Energy  Conserved En.    Temperature Pres. DC (bar)
    3.75916e+04   -1.99547e+05   -1.77351e+05    2.74039e+02   -2.02651e+02
 Pressure (bar)
    2.19143e+02

           Step           Time
         245000      490.00000

   Energies (kJ/mol)
        LJ (SR)  Disper. corr.   Coulomb (SR)   Coul. recip.      Potential
    4.67929e+04   -1.98488e+03   -2.83333e+05    1.11218e+03   -2.37413e+05
    Kinetic En.   Total Energy  Conserved En.    Temperature Pres. DC (bar)
    3.79492e+04   -1.99463e+05   -1.77222e+05    2.76646e+02   -2.02678e+02
 Pressure (bar)
    2.03085e+02

           Step           Time
         247500      495.00000

   Energies (kJ/mol)
        LJ (SR)  Disper. corr.   Coulomb (SR)   Coul. recip.      Potential
    4.65566e+04   -1.97546e+03   -2.82919e+05    1.15997e+03   -2.37178e+05
    Kinetic En.   Total Energy  Conserved En.    Temperature Pres. DC (bar)
    3.77359e+04   -1.99442e+05   -1.77102e+05    2.75091e+02   -2.00761e+02
 Pressure (bar)
    3.98197e+01

           Step           Time
         250000      500.00000

Writing checkpoint, step 250000 at Tue Feb 25 22:05:07 2025


   Energies (kJ/mol)
        LJ (SR)  Disper. corr.   Coulomb (SR)   Coul. recip.      Potential
    4.51800e+04   -1.97323e+03   -2.80546e+05    1.19139e+03   -2.36148e+05
    Kinetic En.   Total Energy  Conserved En.    Temperature Pres. DC (bar)
    3.72321e+04   -1.98916e+05   -1.76978e+05    2.71418e+02   -2.00307e+02
 Pressure (bar)
   -2.63544e+02


Energy conservation over simulation part #1 of length 500 ps, time 0 to 500 ps
  Conserved energy drift: 1.50e-03 kJ/mol/ps per atom


	<======  ###############  ==>
	<====  A V E R A G E S  ====>
	<==  ###############  ======>

	Statistics over 250001 steps using 2501 frames

   Energies (kJ/mol)
        LJ (SR)  Disper. corr.   Coulomb (SR)   Coul. recip.      Potential
    4.63384e+04   -1.96360e+03   -2.82435e+05    1.17210e+03   -2.36888e+05
    Kinetic En.   Total Energy  Conserved En.    Temperature Pres. DC (bar)
    3.74577e+04   -1.99430e+05   -1.84273e+05    2.73063e+02   -1.98648e+02
 Pressure (bar)
    2.33890e+00

          Box-X          Box-Y          Box-Z
    5.48370e+00    5.48180e+00    5.48047e+00

   Total Virial (kJ/mol)
    1.24335e+04   -7.84897e+00   -6.21634e+00
   -7.84889e+00    1.24896e+04   -2.15213e+01
   -6.19786e+00   -2.15076e+01    1.25098e+04

   Pressure (bar)
    1.12585e+01    2.02083e+00    2.45445e+00
    2.02107e+00   -8.78893e-01    3.76609e+00
    2.45084e+00    3.76327e+00   -3.36292e+00


	M E G A - F L O P S   A C C O U N T I N G

 NB=Group-cutoff nonbonded kernels    NxN=N-by-N cluster Verlet kernels
 RF=Reaction-Field  VdW=Van der Waals  QSTab=quadratic-spline table
 W3=SPC/TIP3p  W4=TIP4p (single or pairs)
 V&F=Potential and force  V=Potential only  F=Force only

 Computing:                               M-Number         M-Flops  % Flops
-----------------------------------------------------------------------------
 Pair Search distance check           45098.599192      405887.393     0.2
 NxN Ewald Elec. + LJ [F]           1697785.168640   112053821.130    49.0
 NxN Ewald Elec. + LJ [V&F]           17156.312480     1835725.435     0.8
 NxN Ewald Elec. [F]                1697227.111744   103530853.816    45.3
 NxN Ewald Elec. [V&F]                17150.795328     1440666.808     0.6
 Calc Weights                         16500.066000      594002.376     0.3
 Spread Q Bspline                    352001.408000      704002.816     0.3
 Gather F Bspline                    352001.408000     2112008.448     0.9
 3D-FFT                              599261.397036     4794091.176     2.1
 Solve PME                             9702.038808      620930.484     0.3
 Reset In Box                           110.000000         330.000     0.0
 CG-CoM                                 110.022000         330.066     0.0
 Virial                                 110.247045        1984.447     0.0
 Stop-CM                                 55.022000         550.220     0.0
 Calc-Ekin                             1100.044000       29701.188     0.0
 Constraint-V                          4125.016500       37125.148     0.0
 Constraint-Vir                          82.516500        1980.396     0.0
 Settle                                1375.005500      508752.035     0.2
 Virtual Site 3                        1402.511000       51892.907     0.0
-----------------------------------------------------------------------------
 Total                                               228724636.290   100.0
-----------------------------------------------------------------------------


    D O M A I N   D E C O M P O S I T I O N   S T A T I S T I C S

 av. #atoms communicated per step for force:  2 x 0.0


      R E A L   C Y C L E   A N D   T I M E   A C C O U N T I N G

On 1 MPI rank, each using 6 OpenMP threads

 Activity:              Num   Num      Call    Wall time         Giga-Cycles
                        Ranks Threads  Count      (s)         total sum    %
--------------------------------------------------------------------------------
 Domain decomp.            1    6       5000      20.103        285.921   1.0
 Vsite constr.             1    6     250001      11.294        160.633   0.6
 Neighbor search           1    6       5001      45.700        649.993   2.3
 Force                     1    6     250001    1210.211      17212.934  61.6
 PME mesh                  1    6     250001     402.569       5725.772  20.5
 NB X/F buffer ops.        1    6     495001     169.513       2410.996   8.6
 Vsite spread              1    6     255002      30.589        435.073   1.6
 Write traj.               1    6        103       0.591          8.403   0.0
 Update                    1    6     250001      34.663        493.019   1.8
 Constraints               1    6     250001      26.801        381.188   1.4
 Rest                                             11.163        158.773   0.6
--------------------------------------------------------------------------------
 Total                                          1963.197      27922.704 100.0
--------------------------------------------------------------------------------
 Breakdown of PME mesh activities
--------------------------------------------------------------------------------
 PME spread                1    6     250001     175.659       2498.418   8.9
 PME gather                1    6     250001     100.966       1436.050   5.1
 PME 3D-FFT                1    6     500002     111.704       1588.773   5.7
 PME solve Elec            1    6     250001       4.553         64.762   0.2
--------------------------------------------------------------------------------

               Core t (s)   Wall t (s)        (%)
       Time:    11779.181     1963.197      600.0
                         32:43
                 (ns/day)    (hour/ns)
Performance:       22.005        1.091
Finished mdrun on rank 0 Tue Feb 25 22:05:07 2025

